Log created: 2018-04-11T16:51:31.780818000Z
Executable: /usr/lib/virtualbox/VirtualBox
Arg[0]: /usr/lib/virtualbox/VirtualBox
Arg[1]: --startvm
Arg[2]: CoolOS
fatal error in recompiler cpu: Trying to execute code with memory type addr_code=00000000f000f020 addend=00007f7adf5d5000 at 00000000f000ff54. (iHandlerMemType=0x38 iMMIOMemType=0x30)

!!!!!!!!!!!!!!!!!!!!!!!!!!!!!!!!!!!!!!!!!!!!!!!!!!!!!!!!!!!!!!!!!!!!!!
!!
!!         VCPU0: Guru Meditation -2301 (VERR_REM_VIRTUAL_CPU_ERROR)
!!
!!
!! {mappings, <NULL>}
!!

The mappings are FLOATING.
00000000ff400000 - 00000000ffbfffff  Hypervisor Memory Area
!!
!! {hma, <NULL>}
!!
Hypervisor Memory Area (HMA) Layout: Base 00000000ff400000, 0x00800000 bytes
00000000ffa1b000-00000000ffa1c000                                   DYNAMIC                  fence
00000000ffa0b000-00000000ffa1b000                                   DYNAMIC                  Dynamic mapping not crossing
00000000ff9fb000-00000000ffa0b000                                   DYNAMIC                  Dynamic mapping
00000000ff9fa000-00000000ff9fb000                                   DYNAMIC                  fence
00000000ff9da000-00000000ff9fa000 00007f7bce65e000 00007f7bce65e000 LOCKED                   alloc once (PDM_DEVICE_USER)
00000000ff9d9000-00000000ff9da000                                   DYNAMIC                  fence
00000000ff9c9000-00000000ff9d9000 00007f7bec001000 00007f7bec001000 LOCKED                   alloc once (PDM_DEVICE_USER)
00000000ff949000-00000000ff9c9000                                   MMIO2   0000000000000000 VGA VRam
00000000ff948000-00000000ff949000                                   DYNAMIC                  fence
00000000ff934000-00000000ff948000 00007f7bcee9f000 00007f7bcee9f000 LOCKED                   alloc once (PDM_DEVICE)
00000000ff933000-00000000ff934000 00007f7c11775000 0000000000000000 HCPHYS  0000000042a97000 APIC
00000000ff932000-00000000ff933000 00007f7c11776000 0000000000000000 HCPHYS  0000000042a98000 APIC PIB
00000000ff931000-00000000ff932000                                   DYNAMIC                  fence
00000000ff90f000-00000000ff931000 00007f7bd298c000 0000000000000000 LOCKED                   VBoxDDRC.rc
00000000ff90e000-00000000ff90f000                                   DYNAMIC                  fence
00000000ff708000-00000000ff90e000 00007f7bd08cd000 00007f7bd08cd000 LOCKED                   alloc once (PATM)
00000000ff707000-00000000ff708000                                   DYNAMIC                  fence
00000000ff6f6000-00000000ff707000 00007f7bec011000 00007f7bec011000 LOCKED                   alloc once (SELM)
00000000ff6f5000-00000000ff6f6000                                   DYNAMIC                  fence
00000000ff6e5000-00000000ff6f5000 00007f7c00002000 00007f7c00002000 LOCKED                   alloc once (SELM)
00000000ff6e4000-00000000ff6e5000                                   DYNAMIC                  fence
00000000ff6e2000-00000000ff6e4000 00007f7c11777000 ffffbbb0c0841000 HCPHYS  0000000043598000 Core Code
00000000ff6e1000-00000000ff6e2000                                   DYNAMIC                  fence
00000000ff6e0000-00000000ff6e1000 00007f7c1182d000 0000000000000000 HCPHYS  0000000034c28000 GIP
00000000ff6df000-00000000ff6e0000                                   DYNAMIC                  fence
00000000ff69e000-00000000ff6df000 00007f7bec022000 00007f7bec022000 LOCKED                   alloc once (PGM_PHYS)
00000000ff69d000-00000000ff69e000                                   DYNAMIC                  fence
00000000ff68a000-00000000ff69d000 00007f7c00012000 00007f7c00012000 LOCKED                   alloc once (PGM_POOL)
00000000ff689000-00000000ff68a000                                   DYNAMIC                  fence
00000000ff684000-00000000ff689000                                   DYNAMIC                  CR3 mapping
00000000ff683000-00000000ff684000                                   DYNAMIC                  fence
00000000ff56b000-00000000ff683000 00007f7bd1fad000 0000000000000000 LOCKED                   VMMRC.rc
00000000ff56a000-00000000ff56b000                                   DYNAMIC                  fence
00000000ff569000-00000000ff56a000 00007f7c11779000 ffffbbb0c0831000 LOCKED                   alloc once (CPUM_CTX)
00000000ff568000-00000000ff569000                                   DYNAMIC                  fence
00000000ff428000-00000000ff568000 00007f7bd29ae000 00007f7bd29ae000 LOCKED                   Heap
00000000ff427000-00000000ff428000                                   DYNAMIC                  fence
00000000ff401000-00000000ff427000 00007f7c1177c000 ffffbbb0c50b3000 LOCKED                   VM
00000000ff400000-00000000ff401000                                   DYNAMIC                  fence
!!
!! {cpumguest, verbose}
!!
Guest CPUM (VCPU 0) state: 
eax=f000ff54 ebx=00010000 ecx=00000000 edx=f000ff54 esi=00000000 edi=00000000
eip=f000ff54 esp=7cce0204 ebp=7cce0230 iopl=0         nv up di pl zr na pe nc
cs={0010 base=0000000000000000 limit=03ffffff flags=0000c09b} dr0=00000000 dr1=00000000
ds={0018 base=0000000000000000 limit=ffffffff flags=0000c093} dr2=00000000 dr3=00000000
es={0018 base=0000000000000000 limit=ffffffff flags=0000c093} dr4=00000000 dr5=00000000
fs={0018 base=0000000000000000 limit=ffffffff flags=0000c093} dr6=ffff0ff0 dr7=00000400
gs={0018 base=0000000000000000 limit=ffffffff flags=0000c093} cr0=00000011 cr2=00000000
ss={0018 base=0000000000000000 limit=ffffffff flags=0000c093} cr3=00000000 cr4=00000000
gdtr=0000000000509012:0030  idtr=00000000005090a0:07ff  eflags=00000002
ldtr={0000 base=00000000 limit=0000ffff flags=00000082}
tr  ={0000 base=00000000 limit=0000ffff flags=0000008b}
SysEnter={cs=0000 eip=00000000 esp=00000000}
xcr=0000000000000001 xcr1=0000000000000000 xss=0000000000000000 (fXStateMask=0000000000000000)
FCW=037f FSW=0000 FTW=0000 FOP=0000 MXCSR=00001f80 MXCSR_MASK=0000ffff
FPUIP=00000000 CS=0000 Rsrvd1=0000  FPUDP=00000000 DS=0000 Rsvrd2=0000
ST(0)=FPR0={0000'00000000'00000000} t0 +0.0000000000000000000000 * 2 ^ -16383 (*)
ST(1)=FPR1={0000'00000000'00000000} t0 +0.0000000000000000000000 * 2 ^ -16383 (*)
ST(2)=FPR2={0000'00000000'00000000} t0 +0.0000000000000000000000 * 2 ^ -16383 (*)
ST(3)=FPR3={0000'00000000'00000000} t0 +0.0000000000000000000000 * 2 ^ -16383 (*)
ST(4)=FPR4={0000'00000000'00000000} t0 +0.0000000000000000000000 * 2 ^ -16383 (*)
ST(5)=FPR5={0000'00000000'00000000} t0 +0.0000000000000000000000 * 2 ^ -16383 (*)
ST(6)=FPR6={0000'00000000'00000000} t0 +0.0000000000000000000000 * 2 ^ -16383 (*)
ST(7)=FPR7={0000'00000000'00000000} t0 +0.0000000000000000000000 * 2 ^ -16383 (*)
XMM0 =00000000'00000000'00000000'00000000  XMM1 =00000000'00000000'00000000'00000000
XMM2 =00000000'00000000'00000000'00000000  XMM3 =00000000'00000000'00000000'00000000
XMM4 =00000000'00000000'00000000'00000000  XMM5 =00000000'00000000'00000000'00000000
XMM6 =00000000'00000000'00000000'00000000  XMM7 =00000000'00000000'00000000'00000000
XMM8 =00000000'00000000'00000000'00000000  XMM9 =00000000'00000000'00000000'00000000
XMM10=00000000'00000000'00000000'00000000  XMM11=00000000'00000000'00000000'00000000
XMM12=00000000'00000000'00000000'00000000  XMM13=00000000'00000000'00000000'00000000
XMM14=00000000'00000000'00000000'00000000  XMM15=00000000'00000000'00000000'00000000
EFER         =0000000000000000
PAT          =0007040600070406
STAR         =0000000000000000
CSTAR        =0000000000000000
LSTAR        =0000000000000000
SFMASK       =0000000000000000
KERNELGSBASE =0000000000000000
!!
!! {cpumguesthwvirt, verbose}
!!
VCPU[0] hardware virtualization state:
No/inactive hwvirt state
!!
!! {cpumguestinstr, verbose}
!!

CPUM0: Disas -> VERR_PGM_INVALID_GC_PHYSICAL_ADDRESS


!!
!! {cpumhyper, verbose}
!!
Hypervisor CPUM state: 
.eax=00000000 .ebx=00000000 .ecx=00000000 .edx=00000000 .esi=00000000 .edi=00000018
.eip=ff6e30bb .esp=ff566000 .ebp=00000000 .iopl=0           nv up di pl zr na pe nc
.cs={fff8 base=0000000000000000 limit=00000000 flags=00000000} .dr0=00000000 .dr1=00000000
.ds={fff0 base=0000000000000000 limit=00000000 flags=00000000} .dr2=00000000 .dr3=00000000
.es={fff0 base=0000000000000000 limit=00000000 flags=00000000} .dr4=00000000 .dr5=00000000
.fs={0000 base=0000000000000000 limit=00000000 flags=00000000} .dr6=00000000 .dr7=00000400
.gs={0000 base=0000000000000000 limit=00000000 flags=00000000} .cr0=00000000 .cr2=00000000
.ss={fff0 base=0000000000000000 limit=00000000 flags=00000000} .cr3=43532000 .cr4=00000000
.gdtr=00000000ff6e5000:ffff  .idtr=00000000ff406c90:07ff  .eflags=00000000
.ldtr={0000 base=00000000 limit=00000000 flags=00000000}
.tr  ={ffe0 base=00000000 limit=00000000 flags=00000000}
.SysEnter={cs=0000 eip=00000000 esp=00000000}
.xcr=0000000000000000 .xcr1=0000000000000000 .xss=0000000000000000 (fXStateMask=0000000000000000)
.FCW=0000 .FSW=0000 .FTW=0000 .FOP=0000 .MXCSR=00000000 .MXCSR_MASK=00000000
.FPUIP=00000000 .CS=0000 .Rsrvd1=0000  .FPUDP=00000000 .DS=0000 .Rsvrd2=0000
.ST(0)=.FPR0={0000'00000000'00000000} t0 +0.0000000000000000000000 * 2 ^ -16383 (*)
.ST(1)=.FPR1={0000'00000000'00000000} t0 +0.0000000000000000000000 * 2 ^ -16383 (*)
.ST(2)=.FPR2={0000'00000000'00000000} t0 +0.0000000000000000000000 * 2 ^ -16383 (*)
.ST(3)=.FPR3={0000'00000000'00000000} t0 +0.0000000000000000000000 * 2 ^ -16383 (*)
.ST(4)=.FPR4={0000'00000000'00000000} t0 +0.0000000000000000000000 * 2 ^ -16383 (*)
.ST(5)=.FPR5={0000'00000000'00000000} t0 +0.0000000000000000000000 * 2 ^ -16383 (*)
.ST(6)=.FPR6={0000'00000000'00000000} t0 +0.0000000000000000000000 * 2 ^ -16383 (*)
.ST(7)=.FPR7={0000'00000000'00000000} t0 +0.0000000000000000000000 * 2 ^ -16383 (*)
.XMM0 =00000000'00000000'00000000'00000000  .XMM1 =00000000'00000000'00000000'00000000
.XMM2 =00000000'00000000'00000000'00000000  .XMM3 =00000000'00000000'00000000'00000000
.XMM4 =00000000'00000000'00000000'00000000  .XMM5 =00000000'00000000'00000000'00000000
.XMM6 =00000000'00000000'00000000'00000000  .XMM7 =00000000'00000000'00000000'00000000
.XMM8 =00000000'00000000'00000000'00000000  .XMM9 =00000000'00000000'00000000'00000000
.XMM10=00000000'00000000'00000000'00000000  .XMM11=00000000'00000000'00000000'00000000
.XMM12=00000000'00000000'00000000'00000000  .XMM13=00000000'00000000'00000000'00000000
.XMM14=00000000'00000000'00000000'00000000  .XMM15=00000000'00000000'00000000'00000000
.EFER         =0000000000000000
.PAT          =0000000000000000
.STAR         =0000000000000000
.CSTAR        =0000000000000000
.LSTAR        =0000000000000000
.SFMASK       =0000000000000000
.KERNELGSBASE =0000000000000000
CR4OrMask=0x204 CR4AndMask=0x403
!!
!! {cpumhost, verbose}
!!
Host CPUM state: 
rax=xxxxxxxxxxxxxxxx rbx=ffffbbb0c50b3000 rcx=xxxxxxxxxxxxxxxx
rdx=xxxxxxxxxxxxxxxx rsi=0000000000000008 rdi=ffffbbb0c50b3000
rip=xxxxxxxxxxxxxxxx rsp=ffffbbb0c4ebbc98 rbp=ffffbbb0c4ebbd10
 r8=xxxxxxxxxxxxxxxx  r9=xxxxxxxxxxxxxxxx r10=0000000000000040
r11=0000000000000030 r12=0000000000000000 r13=ffffbbb0c50cf000
r14=0000000000000000 r15=0000000000040206
iopl=0       ac nv up di pl nz na po nc
cs=0000  ds=0000  es=0000  fs=0000  gs=0000                   eflags=00040046
cr0=0000000080050033 cr2=xxxxxxxxxxxxxxxx cr3=0000000071c5e003
cr4=00000000003606f0 ldtr=0000 tr=0040
dr[0]=0000000000000000 dr[1]=0000000000000000 dr[2]=0000000000000000
dr[3]=0000000000000000 dr[6]=0000000000000000 dr[7]=0000000000000000
gdtr=fffffe0000001000:007f  idtr=fffffe0000000000:0fff
SysEnter={cs=0010 eip=00000000 esp=00000000}
FSbase=00007f7bec3a3700 GSbase=ffff9ace79600000 efer=00000d01
!!
!! {mode, all}
!!
Guest paging mode (VCPU #0):  Protected (changed 357 times), A20 enabled (changed 2 times)
Shadow paging mode (VCPU #0): PAE
Host paging mode:              AMD64+G+NX
!!
!! {cpuid, verbose}
!!
         Raw Standard CPUID Leaves
     Leaf/sub-leaf  eax      ebx      ecx      edx
Gst: 00000000/0000  00000016 756e6547 6c65746e 49656e69
Hst:                00000016 756e6547 6c65746e 49656e69
Gst: 00000001/0000  000806e9 00000800 00180201 078bf3bf
Hst:                000806e9 00010800 fffa3203 0fabfbff
Gst: 00000002/0000  76036301 00f0b5ff 00000000 00c30000
Hst:                76036301 00f0b5ff 00000000 00c30000
Gst: 00000003/0000  00000000 00000000 00000000 00000000
Hst:                00000000 00000000 00000000 00000000
Gst: 00000004/0000  00000121 01c0003f 0000003f 00000000
Hst:                00000121 01c0003f 0000003f 00000000
Gst: 00000004/0001  00000122 01c0003f 0000003f 00000000
Hst:                00000122 01c0003f 0000003f 00000000
Gst: 00000004/0002  00000143 00c0003f 000003ff 00000000
Hst:                00000143 00c0003f 000003ff 00000000
Gst: 00000004/0003  00000163 03c0003f 00000fff 00000006
Hst:                00000163 03c0003f 00000fff 00000006
Gst: 00000004/0004  00000000 00000000 00000000 00000000
Hst:                00000000 00000000 00000000 00000000
Gst: 00000005/0000  00000000 00000000 00000000 00000000
Hst:                00000000 00000000 00000000 00000000
Gst: 00000006/0000  00000000 00000000 00000000 00000000
Hst:                000027f7 00000002 00000009 00000000
Gst: 00000007/0000  00000000 00002000 00000000 00000000
Hst:                00000000 001c27ab 00000000 00000000
Gst: 00000007/0001  00000000 00000000 00000000 00000000
Hst:                00000000 00000000 00000000 00000000
Gst: 00000008/0000  00000000 00000000 00000000 00000000
Hst:                00000000 00000000 00000000 00000000
Gst: 00000009/0000  00000000 00000000 00000000 00000000
Hst:                00000000 00000000 00000000 00000000
Gst: 0000000a/0000  00000000 00000000 00000000 00000000
Hst:                07300401 0000007f 00000000 00000000
Gst: 0000000b/0000  00000000 00000001 00000100 00000000
Hst:                00000000 00000001 00000100 00000000
Gst: 0000000b/0001  00000001 00000001 00000201 00000000
Hst:                00000000 00000001 00000201 00000000
Gst: 0000000b/0002  00000000 00000000 00000002 00000000
Hst:                00000000 00000000 00000002 00000000
Gst: 0000000c/0000  00000000 00000000 00000000 00000000
Hst:                00000000 00000000 00000000 00000000
Gst: 0000000d/0000  00000000 00000000 00000000 00000000
Hst:                00000007 00000340 00000440 00000000
Gst: 0000000d/0001  00000000 00000000 00000000 00000000
Hst:                00000001 00000000 00000000 00000000
Gst: 0000000d/0002  00000000 00000000 00000000 00000000
Hst:                00000100 00000240 00000000 00000000
Gst: 0000000d/0003  00000000 00000000 00000000 00000000
Hst:                00000000 00000000 00000000 00000000
Gst: 0000000e/0000  00000000 00000000 00000000 00000000
Hst:                00000000 00000000 00000000 00000000
Gst: 0000000f/0000  00000000 00000000 00000000 00000000
Hst:                00000000 00000000 00000000 00000000
Gst: 00000010/0000  00000000 00000000 00000000 00000000
Hst:                00000000 00000000 00000000 00000000
Gst: 00000011/0000  00000000 00000000 00000000 00000000
Hst:                00000000 00000000 00000000 00000000
Gst: 00000012/0000  00000000 00000000 00000000 00000000
Hst:                00000001 00000000 00000000 0000241f
Hst: 00000013/0000  00000000 00000000 00000000 00000000
Hst: 00000014/0000  00000000 00000000 00000000 00000000
Hst: 00000015/0000  00000000 00000000 00000000 00000000
Hst: 00000016/0000  00000000 00000000 00000000 00000000
                               Name: GenuineIntel
                           Supports: 0x00000000-0x00000016
                             Family:  6 	Extended: 0 	Effective: 6
                              Model: 14 	Extended: 8 	Effective: 142
                           Stepping: 9
                               Type: 0 (primary)
                            APIC ID: 0x00
                       Logical CPUs: 0
                       CLFLUSH Size: 8
                           Brand ID: 0x00
Features
  Mnemonic - Description                                  = guest (host)
  FPU - x87 FPU on Chip                                   = 1 (1)
  VME - Virtual 8086 Mode Enhancements                    = 1 (1)
  DE - Debugging extensions                               = 1 (1)
  PSE - Page Size Extension                               = 1 (1)
  TSC - Time Stamp Counter                                = 1 (1)
  MSR - Model Specific Registers                          = 1 (1)
  PAE - Physical Address Extension                        = 0 (1)
  MCE - Machine Check Exception                           = 1 (1)
  CX8 - CMPXCHG8B instruction                             = 1 (1)
  APIC - APIC On-Chip                                     = 1 (1)
  SEP - SYSENTER and SYSEXIT Present                      = 0 (1)
  MTRR - Memory Type Range Registers                      = 1 (1)
  PGE - PTE Global Bit                                    = 1 (1)
  MCA - Machine Check Architecture                        = 1 (1)
  CMOV - Conditional Move instructions                    = 1 (1)
  PAT - Page Attribute Table                              = 1 (1)
  PSE-36 - 36-bit Page Size Extension                     = 1 (1)
  PSN - Processor Serial Number                           = 0 (0)
  CLFSH - CLFLUSH instruction                             = 1 (1)
  DS - Debug Store                                        = 0 (1)
  ACPI - Thermal Mon. & Soft. Clock Ctrl.                 = 0 (0)
  MMX - Intel MMX Technology                              = 1 (1)
  FXSR - FXSAVE and FXRSTOR instructions                  = 1 (1)
  SSE - SSE support                                       = 1 (1)
  SSE2 - SSE2 support                                     = 1 (1)
  SS - Self Snoop                                         = 0 (1)
  HTT - Hyper-Threading Technology                        = 0 (0)
  TM - Therm. Monitor                                     = 0 (0)
  PBE - Pending Break Enabled                             = 0 (0)
  SSE3 - SSE3 support                                     = 1 (1)
  PCLMUL - PCLMULQDQ support (for AES-GCM)                = 0 (1)
  DTES64 - DS Area 64-bit Layout                          = 0 (0)
  MONITOR - MONITOR/MWAIT instructions                    = 0 (0)
  CPL-DS - CPL Qualified Debug Store                      = 0 (0)
  VMX - Virtual Machine Extensions                        = 0 (0)
  SMX - Safer Mode Extensions                             = 0 (0)
  EST - Enhanced SpeedStep Technology                     = 0 (0)
  TM2 - Terminal Monitor 2                                = 0 (0)
  SSSE3 - Supplemental Streaming SIMD Extensions 3        = 1 (1)
  CNTX-ID - L1 Context ID                                 = 0 (0)
  SDBG - Silicon Debug interface                          = 0 (0)
  FMA - Fused Multiply Add extensions                     = 0 (1)
  CX16 - CMPXCHG16B instruction                           = 0 (1)
  TPRUPDATE - xTPR Update Control                         = 0 (0)
  PDCM - Perf/Debug Capability MSR                        = 0 (0)
  PCID - Process Context Identifiers                      = 0 (1)
  DCA - Direct Cache Access                               = 0 (0)
  SSE4_1 - SSE4_1 support                                 = 1 (1)
  SSE4_2 - SSE4_2 support                                 = 1 (1)
  X2APIC - x2APIC support                                 = 0 (1)
  MOVBE - MOVBE instruction                               = 0 (1)
  POPCNT - POPCNT instruction                             = 0 (1)
  TSCDEADL - Time Stamp Counter Deadline                  = 0 (1)
  AES - AES instructions                                  = 0 (1)
  XSAVE - XSAVE instruction                               = 0 (1)
  OSXSAVE - OSXSAVE instruction                           = 0 (1)
  AVX - AVX support                                       = 0 (1)
  F16C - 16-bit floating point conversion instructions    = 0 (1)
  RDRAND - RDRAND instruction                             = 0 (1)
  HVP - Hypervisor Present (we're a guest)                = 0 (1)
Structured Extended Feature Flags Enumeration (leaf 7):
  Mnemonic - Description                                  = guest (host)
  FSGSBASE - RDFSBASE/RDGSBASE/WRFSBASE/WRGSBASE instr.   = 0 (1)
  TSCADJUST - Supports MSR_IA32_TSC_ADJUST                = 0 (1)
  SGX - Supports Software Guard Extensions                = 0 (0)
  BMI1 - Advanced Bit Manipulation extension 1            = 0 (1)
  HLE - Hardware Lock Elision                             = 0 (0)
  AVX2 - Advanced Vector Extensions 2                     = 0 (1)
  FDP_EXCPTN_ONLY - FPU DP only updated on exceptions     = 0 (0)
  SMEP - Supervisor Mode Execution Prevention             = 0 (1)
  BMI2 - Advanced Bit Manipulation extension 2            = 0 (1)
  ERMS - Enhanced REP MOVSB/STOSB instructions            = 0 (1)
  INVPCID - INVPCID instruction                           = 0 (1)
  RTM - Restricted Transactional Memory                   = 0 (0)
  PQM - Platform Quality of Service Monitoring            = 0 (0)
  DEPFPU_CS_DS - Deprecates FPU CS, FPU DS values if set  = 1 (1)
  MPE - Intel Memory Protection Extensions                = 0 (0)
  PQE - Platform Quality of Service Enforcement           = 0 (0)
  AVX512F - AVX512 Foundation instructions                = 0 (0)
  RDSEED - RDSEED instruction                             = 0 (1)
  ADX - ADCX/ADOX instructions                            = 0 (1)
  SMAP - Supervisor Mode Access Prevention                = 0 (1)
  CLFLUSHOPT - CLFLUSHOPT (Cache Line Flush) instruction  = 0 (0)
  INTEL_PT - Intel Processor Trace                        = 0 (0)
  AVX512PF - AVX512 Prefetch instructions                 = 0 (0)
  AVX512ER - AVX512 Exponential & Reciprocal instructions = 0 (0)
  AVX512CD - AVX512 Conflict Detection instructions       = 0 (0)
  SHA - Secure Hash Algorithm extensions                  = 0 (0)
  PREFETCHWT1 - PREFETCHWT1 instruction                   = 0 (0)
  PKU - Protection Key for Usermode pages                 = 0 (0)
  OSPKU - CR4.PKU mirror                                  = 0 (0)
Processor Extended State Enumeration (leaf 0xd):
   XSAVE area cur/max size by XCR0, guest: 0x0/0x0
    XSAVE area cur/max size by XCR0, host: 0x340/0x440
                   Valid XCR0 bits, guest: 0x00000000`00000000
                    Valid XCR0 bits, host: 0x00000000`00000007 ( x87 SSE YMM_Hi128 )
                    XSAVE features, guest:
                     XSAVE features, host: XSAVEOPT
      XSAVE area cur size XCR0|XSS, guest: 0x0
       XSAVE area cur size XCR0|XSS, host: 0x0
               Valid IA32_XSS bits, guest: 0x00000000`00000000
                Valid IA32_XSS bits, host: 0x00000000`00000000
  State #2, host:  off=0x0240, cb=0x0100 IA32_XSS-bit -- YMM_Hi128
         Unknown CPUID Leaves
     Leaf/sub-leaf  eax      ebx      ecx      edx
Gst: 00000012/0001  00000000 00000000 00000000 00000000
Hst:                00000001 00000000 00000000 0000241f
Gst: 00000012/0002  00000000 00000000 00000000 00000000
Hst:                00000001 00000000 00000000 0000241f
Gst: 00000012/0003  00000000 00000000 00000000 00000000
Hst:                00000001 00000000 00000000 0000241f
Gst: 00000012/0004  00000000 00000000 00000000 00000000
Hst:                00000000 00000000 00000000 00000000
Gst: 00000013/0000  00000000 00000000 00000000 00000000
Hst:                00000000 00000000 00000000 00000000
Gst: 00000014/0000  00000000 00000000 00000000 00000000
Hst:                00000000 00000000 00000000 00000000
Gst: 00000015/0000  00000000 00000000 00000000 00000000
Hst:                00000000 00000000 00000000 00000000
Gst: 00000016/0000  00000000 00000000 00000000 00000000
Hst:                00000000 00000000 00000000 00000000
         Raw Extended CPUID Leaves
     Leaf/sub-leaf  eax      ebx      ecx      edx
Gst: 80000000/0000  80000008 00000000 00000000 00000000
Hst:                80000008 00000000 00000000 00000000
Gst: 80000001/0000  00000000 00000000 00000001 08000000
Hst:                00000000 00000000 00000121 2c100800
Gst: 80000002/0000  65746e49 2952286c 726f4320 4d542865
Hst:                65746e49 2952286c 726f4320 4d542865
Gst: 80000003/0000  37692029 3035372d 43205530 40205550
Hst:                37692029 3035372d 43205530 40205550
Gst: 80000004/0000  372e3220 7a484730 00000000 00000000
Hst:                372e3220 7a484730 00000000 00000000
Gst: 80000005/0000  00000000 00000000 00000000 00000000
Hst:                00000000 00000000 00000000 00000000
Gst: 80000006/0000  00000000 00000000 01006040 00000000
Hst:                00000000 00000000 01006040 00000000
Gst: 80000007/0000  00000000 00000000 00000000 00000100
Hst:                00000000 00000000 00000000 00000100
Gst: 80000008/0000  0000302a 00000000 00000000 00000000
Hst:                0000302a 00000000 00000000 00000000
Ext Name:                        
Ext Supports:                    0x80000000-0x80000008
Family:                          0  	Extended: 0 	Effective: 0
Model:                           0  	Extended: 0 	Effective: 0
Stepping:                        0
Brand ID:                        0x000
Ext Features
  Mnemonic - Description                                  = guest (host)
  FPU - x87 FPU on Chip                                   = 0 (0)
  VME - Virtual 8086 Mode Enhancements                    = 0 (0)
  DE - Debugging extensions                               = 0 (0)
  PSE - Page Size Extension                               = 0 (0)
  TSC - Time Stamp Counter                                = 0 (0)
  MSR - K86 Model Specific Registers                      = 0 (0)
  PAE - Physical Address Extension                        = 0 (0)
  MCE - Machine Check Exception                           = 0 (0)
  CX8 - CMPXCHG8B instruction                             = 0 (0)
  APIC - APIC On-Chip                                     = 0 (0)
  SEP - SYSCALL/SYSRET                                    = 0 (1)
  MTRR - Memory Type Range Registers                      = 0 (0)
  PGE - PTE Global Bit                                    = 0 (0)
  MCA - Machine Check Architecture                        = 0 (0)
  CMOV - Conditional Move instructions                    = 0 (0)
  PAT - Page Attribute Table                              = 0 (0)
  PSE-36 - 36-bit Page Size Extension                     = 0 (0)
  NX - No-Execute/Execute-Disable                         = 0 (1)
  AXMMX - AMD Extensions to MMX instructions              = 0 (0)
  MMX - Intel MMX Technology                              = 0 (0)
  FXSR - FXSAVE and FXRSTOR Instructions                  = 0 (0)
  FFXSR - AMD fast FXSAVE and FXRSTOR instructions        = 0 (0)
  Page1GB - 1 GB large page                               = 0 (1)
  RDTSCP - RDTSCP instruction                             = 1 (1)
  LM - AMD64 Long Mode                                    = 0 (1)
  3DNOWEXT - AMD Extensions to 3DNow                      = 0 (0)
  3DNOW - AMD 3DNow                                       = 0 (0)
  LahfSahf - LAHF/SAHF support in 64-bit mode             = 1 (1)
  CmpLegacy - Core multi-processing legacy mode           = 0 (0)
  SVM - AMD Secure Virtual Machine extensions             = 0 (0)
  EXTAPIC - AMD Extended APIC registers                   = 0 (0)
  CR8L - AMD LOCK MOV CR0 means MOV CR8                   = 0 (0)
  ABM - AMD Advanced Bit Manipulation                     = 0 (1)
  SSE4A - SSE4A instructions                              = 0 (0)
  MISALIGNSSE - AMD Misaligned SSE mode                   = 0 (0)
  3DNOWPRF - AMD PREFETCH and PREFETCHW instructions      = 0 (1)
  OSVW - AMD OS Visible Workaround                        = 0 (0)
  IBS - Instruct Based Sampling                           = 0 (0)
  XOP - Extended Operation support                        = 0 (0)
  SKINIT - SKINIT, STGI, and DEV support                  = 0 (0)
  WDT - AMD Watchdog Timer support                        = 0 (0)
  LWP - Lightweight Profiling support                     = 0 (0)
  FMA4 - Four operand FMA instruction support             = 0 (0)
  NodeId - NodeId in MSR C001_100C                        = 0 (0)
  TBM - Trailing Bit Manipulation instructions            = 0 (0)
  TOPOEXT - Topology Extensions                           = 0 (0)
Full Name:                       "Intel(R) Core(TM) i7-7500U CPU @ 2.70GHz"
TLB 2/4M Instr/Uni:              res0     0 entries
TLB 2/4M Data:                   res0     0 entries
TLB 4K Instr/Uni:                res0     0 entries
TLB 4K Data:                     res0     0 entries
L1 Instr Cache Line Size:        0 bytes
L1 Instr Cache Lines Per Tag:    0
L1 Instr Cache Associativity:    res0  
L1 Instr Cache Size:             0 KB
L1 Data Cache Line Size:         0 bytes
L1 Data Cache Lines Per Tag:     0
L1 Data Cache Associativity:     res0  
L1 Data Cache Size:              0 KB
L2 TLB 2/4M Instr/Uni:           off       0 entries
L2 TLB 2/4M Data:                off       0 entries
L2 TLB 4K Instr/Uni:             off       0 entries
L2 TLB 4K Data:                  off       0 entries
L2 Cache Line Size:              0 bytes
L2 Cache Lines Per Tag:          0
L2 Cache Associativity:          off   
L2 Cache Size:                   0 KB
APM Features:                    TscInvariant
Host Invariant-TSC support:      true 
Physical Address Width:          42 bits
Virtual Address Width:           48 bits
Guest Physical Address Width:    0 bits
Physical Core Count:             1
!!
!! {handlers, phys virt hyper stats}
!!
Physical handlers: (PhysHandlers=65288 (0xff08))
From             - To (incl)         HandlerHC         UserHC            HandlerGC UserGC    Type     Description
00000000000a0000 - 00000000000bffff  00007f7bf42d2800  00007f7bd29b0b80  ff5e9800  ff42ab80  MMIO     VGA - VGA Video Buffer
00000000000c0000 - 00000000000c8fff  00007f7bf42f0620  00007f7bd29b0d60  ff606260  ff42ad60  Write    VGA BIOS
00000000000e0000 - 00000000000e0fff  00007f7bf42f0620  00007f7bd29de0d0  ff606260  ff4580d0  Write    ACPI RSDP
00000000000e1000 - 00000000000e1fff  00007f7bf42f0620  00007f7bd29c2290  ff606260  ff43c290  Write    DMI tables
00000000000e2000 - 00000000000effff  00007f7bf42f0620  00007f7bd29c2b90  ff606260  ff43cb90  Write    Net Boot ROM
00000000000f0000 - 00000000000fffff  00007f7bf42f0620  00007f7bd29c2380  ff606260  ff43c380  Write    PC BIOS - 0xfffff
00000000e0000000 - 00000000e07fffff  00007f7bcfc7ba60  00007f7bcee9f100  ff912240  ff934100  Write    VGA LFB
00000000f0000000 - 00000000f0000fff  00007f7bf42d2800  00007f7bd29df7f0  ff5e9800  ff4597f0  MMIO     PCNet
00000000f0804000 - 00000000f0804fff  00007f7bf42d2800  00007f7bd29dfad0  ff5e9800  ff459ad0  MMIO     USB OHCI
00000000fee00000 - 00000000fee00fff  00007f7bf42d2800  00007f7bd29ae980  ff5e9800  ff428980  MMIO     APIC
00000000ffff0000 - 00000000ffffffff  00007f7bf42f0620  00007f7bd29c26c0  ff606260  ff43c6c0  Write    PC BIOS - 0xffffffff
Virtual handlers:
From             - To (excl)         HandlerHC         HandlerGC Type       Description
Hypervisor Virtual handlers:
From             - To (excl)         HandlerHC         HandlerGC Type       Description
00000000ff406c90 - 00000000ff40748f  0000000000000000  ff56e110  WriteHyp   Shadow IDT write access handler
00000000ff408160 - 00000000ff4081e7  0000000000000000  ff56e000  WriteHyp   Shadow TSS write access handler
00000000ff6e5000 - 00000000ff6f4fff  0000000000000000  ff56df40  WriteHyp   Shadow GDT write access handler
00000000ff6f6000 - 00000000ff706fff  0000000000000000  ff56dfa0  WriteHyp   Shadow LDT write access handler
!!
!! {timers, <NULL>}
!!
Timers (pVM=00007f7c1177c000)
pTimerR3         offNext  offPrev  offSched Clock               Time             Expire HzHint State                     Description
00007f7bd29dea30 ffffff80 fffd2560 00000000 Real             6854479            6854424      0 2-ACTIVE                  EMT Yielder
00007f7bd29de9b0 00000000 00000080 00000000 Real             6854480            6855191      0 2-ACTIVE                  CPU Load Timer
00007f7bd29de750 00000000 fffd1450 00000000 VrSy          1196551077       599932015941      0 2-ACTIVE                  ACPI PM Timer
00007f7bd29dc9d0 00000000 00000000 00000000 Virt          1197262895                  0      0 1-STOPPED                 USB Frame Timer
00007f7bd29db040 00000000 00000000 00000000 VrSy          1196551077                  0      0 1-STOPPED                 AC'97 Timer
00007f7bd29dab20 00000000 00000000 00000000 Virt          1197262895                  0      0 1-STOPPED                 PCNet Restore Timer
00007f7bd29daaa0 00000000 00000000 00000000 Virt          1197262895                  0      0 1-STOPPED                 PCNet SoftInt Timer
00007f7bd29daa20 00000000 00000000 00000000 Virt          1197262895         1198553751      0 2-ACTIVE                  PCNet Poll Timer
00007f7bd29b0f90 0002daa0 00000000 00000000 Real             6854480            6854421      0 2-ACTIVE                  VGA Refresh Timer
00007f7bd29b01c0 00000000 00000000 00000000 Virt          1197262895                  0      0 1-STOPPED                 Heartbeat flatlined
00007f7bd29afc20 00000000 00000000 00000000 VrSy          1196551077          990000000      0 1-STOPPED                 MC146818 RTC/CMOS - Second2
00007f7bd29afba0 0002ebb0 fffff980 00000000 VrSy          1196551077         1990000000      0 2-ACTIVE                  MC146818 RTC/CMOS - Second
00007f7bd29afb20 00000000 00000000 00000000 VrSy          1196551077                  0      0 1-STOPPED                 MC146818 RTC/CMOS - Periodic
00007f7bd29af520 00000680 00000000 00000000 VrSy          1196551077         1204988644     18 2-ACTIVE                  i8254 Programmable Interval Timer
00007f7bd29aeb40 00000000 00000000 00000000 VrSy          1196551077                  0      0 1-STOPPED                 APIC Timer 0
00007f7bd29c4810 00000000 00000000 00000000 Virt          1197262895                  0      0 1-STOPPED                 PS2M Delay Timer
00007f7bd29c4790 00000000 00000000 00000000 Real             6854481                  0      0 1-STOPPED                 PS2M Throttle Timer
00007f7bd29c4710 00000000 00000000 00000000 Virt          1197262895            7840620      0 1-STOPPED                 PS2K Delay Timer
00007f7bd29c4690 00000000 00000000 00000000 Real             6854481            6854299      0 1-STOPPED                 PS2K Typematic Timer
00007f7bd29c1bb0 00000000 00000000 00000000 Real             6854484                  0      0 1-STOPPED                 BlkCache-Commit
!!
!! {activetimers, <NULL>}
!!
Active Timers (pVM=00007f7c1177c000)
pTimerR3         offNext  offPrev  offSched Clock               Time             Expire HzHint State                     Description
00007f7bd29b0f90 0002daa0 00000000 00000000 Real             6854484            6854421      0 2-ACTIVE                  VGA Refresh Timer
00007f7bd29dea30 ffffff80 fffd2560 00000000 Real             6854484            6854424      0 2-ACTIVE                  EMT Yielder
00007f7bd29de9b0 00000000 00000080 00000000 Real             6854484            6855191      0 2-ACTIVE                  CPU Load Timer
00007f7bd29daa20 00000000 00000000 00000000 Virt          1197262895         1198553751      0 2-ACTIVE                  PCNet Poll Timer
00007f7bd29af520 00000680 00000000 00000000 VrSy          1196551077         1204988644     18 2-ACTIVE                  i8254 Programmable Interval Timer
00007f7bd29afba0 0002ebb0 fffff980 00000000 VrSy          1196551077         1990000000      0 2-ACTIVE                  MC146818 RTC/CMOS - Second
00007f7bd29de750 00000000 fffd1450 00000000 VrSy          1196551077       599932015941      0 2-ACTIVE                  ACPI PM Timer
!!
!! {acpi}
!!
timer: old=00000000, current=00000000
!!
!! {apic}
!!
APIC0:
  APIC Base MSR                 = 0xfee00900 (Addr=0xfee00000)
  Mode                          = 2 (xAPIC)
  APIC ID                       = 0 (0x0)
  Version                       = 0x50014
    APIC Version                  = 0x14
    Max LVT entry index (0..N)    = 5
    EOI Broadcast supression      = false
  APR                           = 0 (0x0)
  TPR                           = 0 (0x0)
    Task-priority class           = 0x0
    Task-priority subclass        = 0x0
  PPR                           = 0 (0x0)
    Processor-priority class      = 0x0
    Processor-priority subclass   = 0x0
  RRD                           = 0 (0x0)
  LDR                           = 0x0
    Logical APIC ID               = 0x0
  DFR                           = 0xffffffff
    Model                         = 0xf (Flat)
  SVR                           = 0x10f
    Vector                        = 15 (0xf)
    Software Enabled              = true 
    Supress EOI broadcast         = false
  ISR
    0000000000000000000000000000000000000000000000000000000000000000
    Pending: None
  TMR
    0000000000000000000000000000000000000000000000000000000000000000
    Pending: None
  IRR
    0000000000000000000000000000000000000000000000000000000000000000
    Pending: None
  PIB
    0000000000000000000000000000000000000000000000000000000000000000
    Pending: None
  Level PIB
    0000000000000000000000000000000000000000000000000000000000000000
    Pending: None
  ESR Internal                  = 0x0
  ESR                           = 0x0
    Redirectable IPI              = false
    Send Illegal Vector           = false
    Recv Illegal Vector           = false
    Illegal Register Address      = false
  ICR Low                       = 0x0
    Vector                        = 0 (0x0)
    Delivery Mode                 = 0x0 (Fixed)
    Destination Mode              = 0x0 (Physical)
    Delivery Status               = 0
    Level                         = 0
    Trigger Mode                  = 0 (Edge)
    Destination shorthand         = 0x0 (None)
  ICR High                      = 0x0
    Destination field/mask        = 0x0
!!
!! {apiclvt}
!!
VCPU[0] APIC Local Vector Table (LVT):
lvt     timermode  mask  trigger  rirr  polarity  dlvr_st  dlvr_mode   vector
Timer    One-shot   1                               Idle                 0 (0x0)
Thermal             1                               Idle     Fixed       0 (0x0)
Perf                1                               Idle     Fixed       0 (0x0)
LINT0               0     Edge      0   ActiveHi    Idle     ExtINT      0 (0x0)
LINT1               0     Edge      0   ActiveHi    Idle     NMI         0 (0x0)
Error               1                               Idle     Fixed       0 (0x0)
!!
!! {apictimer}
!!
VCPU[0] Local APIC timer:
  ICR              = 0x0
  CCR              = 0x0
  DCR              = 0x0
    Timer shift    = 0x1
  Timer initial TS = 0
LVT Timer          = 0x10000
  Vector             = 0 (0x0)
  Delivery status    = 0
  Masked             = true 
  Timer Mode         = 0x0 (One-shot)
!!
!! {cfgm}
!!
pRoot=00007f7bf000c900:{/}
[/] (level 0)
  CSAMEnabled       <integer> = 0x0000000000000001 (1)
  CpuExecutionCap   <integer> = 0x0000000000000064 (100)
  EnablePAE         <integer> = 0x0000000000000000 (0)
  HMEnabled         <integer> = 0x0000000000000001 (1)
  MemBalloonSize    <integer> = 0x0000000000000000 (0)
  Name              <string>  = "CoolOS" (cb=7)
  NumCPUs           <integer> = 0x0000000000000001 (1)
  PATMEnabled       <integer> = 0x0000000000000001 (1)
  PageFusionAllowed <integer> = 0x0000000000000000 (0)
  RamHoleSize       <integer> = 0x0000000020000000 (536 870 912, 512 MB)
  RamSize           <integer> = 0x0000000004000000 (67 108 864, 64 MB)
  RawR0Enabled      <integer> = 0x0000000000000001 (1)
  RawR3Enabled      <integer> = 0x0000000000000001 (1)
  TimerMillies      <integer> = 0x000000000000000a (10)
  UUID              <bytes>   = "6c 7e 95 99 5f 88 39 42 b8 68 6d e0 49 bf fd 3d" (cb=16)

[/CPUM/] (level 1)
  GuestCpuName       <string>  = "host" (cb=5)
  PortableCpuIdLevel <integer> = 0x0000000000000000 (0)

[/DBGC/] (level 1)
  GlobalInitScript <string>  = "/home/ofir123dubi/.config/VirtualBox/dbgc-init" (cb=47)
  HistoryFile      <string>  = "/home/ofir123dubi/.config/VirtualBox/dbgc-history" (cb=50)
  LocalInitScript  <string>  = "/home/ofir123dubi/VirtualBox VMs/CoolOS/dbgc-init" (cb=50)

[/DBGF/] (level 1)
  Path <string>  = "/home/ofir123dubi/VirtualBox VMs/CoolOS/debug/;/home/ofir123dubi/VirtualBox VMs/CoolOS/;/home/ofir123dubi/" (cb=107)

[/Devices/] (level 1)

[/Devices/8237A/] (level 2)

[/Devices/8237A/0/] (level 3)
  Trusted <integer> = 0x0000000000000001 (1)

[/Devices/8237A/0/Config/] (level 4) (restricted root)

[/Devices/VMMDev/] (level 2)

[/Devices/VMMDev/0/] (level 3)
  PCIBusNo      <integer> = 0x0000000000000000 (0)
  PCIDeviceNo   <integer> = 0x0000000000000004 (4)
  PCIFunctionNo <integer> = 0x0000000000000000 (0)
  Trusted       <integer> = 0x0000000000000001 (1)

[/Devices/VMMDev/0/Config/] (level 4) (restricted root)
  GuestCoreDumpDir <string>  = "/home/ofir123dubi/VirtualBox VMs/CoolOS/Snapshots" (cb=50)

[/Devices/VMMDev/0/LUN#0/] (level 4)
  Driver <string>  = "HGCM" (cb=5)

[/Devices/VMMDev/0/LUN#0/Config/] (level 5) (restricted root)
  Object <integer> = 0x00007f7be8000e10 (140 170 150 022 672)

[/Devices/VMMDev/0/LUN#999/] (level 4)
  Driver <string>  = "MainStatus" (cb=11)

[/Devices/VMMDev/0/LUN#999/Config/] (level 5) (restricted root)
  First   <integer> = 0x0000000000000000 (0)
  Last    <integer> = 0x0000000000000000 (0)
  papLeds <integer> = 0x00007f7be4003918 (140 170 082 924 824)

[/Devices/acpi/] (level 2)

[/Devices/acpi/0/] (level 3)
  PCIBusNo      <integer> = 0x0000000000000000 (0)
  PCIDeviceNo   <integer> = 0x0000000000000007 (7)
  PCIFunctionNo <integer> = 0x0000000000000000 (0)
  Trusted       <integer> = 0x0000000000000001 (1)

[/Devices/acpi/0/Config/] (level 4) (restricted root)
  CpuHotPlug          <integer> = 0x0000000000000000 (0)
  FdcEnabled          <integer> = 0x0000000000000000 (0)
  HostBusPciAddress   <integer> = 0x0000000000000000 (0)
  HpetEnabled         <integer> = 0x0000000000000000 (0)
  IOAPIC              <integer> = 0x0000000000000000 (0)
  IocPciAddress       <integer> = 0x0000000000010000 (65 536)
  NumCPUs             <integer> = 0x0000000000000001 (1)
  Parallel0IoPortBase <integer> = 0x0000000000000000 (0)
  Parallel0Irq        <integer> = 0x0000000000000000 (0)
  Parallel1IoPortBase <integer> = 0x0000000000000000 (0)
  Parallel1Irq        <integer> = 0x0000000000000000 (0)
  Serial0IoPortBase   <integer> = 0x0000000000000000 (0)
  Serial0Irq          <integer> = 0x0000000000000000 (0)
  Serial1IoPortBase   <integer> = 0x0000000000000000 (0)
  Serial1Irq          <integer> = 0x0000000000000000 (0)
  ShowCpu             <integer> = 0x0000000000000000 (0)
  ShowRtc             <integer> = 0x0000000000000000 (0)
  SmcEnabled          <integer> = 0x0000000000000000 (0)

[/Devices/acpi/0/LUN#0/] (level 4)
  Driver <string>  = "ACPIHost" (cb=9)

[/Devices/acpi/0/LUN#0/Config/] (level 5) (restricted root)

[/Devices/apic/] (level 2)

[/Devices/apic/0/] (level 3)
  Trusted <integer> = 0x0000000000000001 (1)

[/Devices/apic/0/Config/] (level 4) (restricted root)
  IOAPIC  <integer> = 0x0000000000000000 (0)
  Mode    <integer> = 0x0000000000000002 (2)
  NumCPUs <integer> = 0x0000000000000001 (1)

[/Devices/e1000/] (level 2)

[/Devices/i8254/] (level 2)

[/Devices/i8254/0/] (level 3)

[/Devices/i8254/0/Config/] (level 4) (restricted root)

[/Devices/i8259/] (level 2)

[/Devices/i8259/0/] (level 3)
  Trusted <integer> = 0x0000000000000001 (1)

[/Devices/i8259/0/Config/] (level 4) (restricted root)

[/Devices/ichac97/] (level 2)

[/Devices/ichac97/0/] (level 3)
  PCIBusNo      <integer> = 0x0000000000000000 (0)
  PCIDeviceNo   <integer> = 0x0000000000000005 (5)
  PCIFunctionNo <integer> = 0x0000000000000000 (0)
  Trusted       <integer> = 0x0000000000000001 (1)

[/Devices/ichac97/0/AudioConfig/] (level 4)

[/Devices/ichac97/0/Config/] (level 4) (restricted root)
  Codec <string>  = "STAC9700" (cb=9)

[/Devices/ichac97/0/LUN#0/] (level 4)
  Driver <string>  = "AUDIO" (cb=6)

[/Devices/ichac97/0/LUN#0/AttachedDriver/] (level 5)
  Driver <string>  = "PulseAudio" (cb=11)

[/Devices/ichac97/0/LUN#0/AttachedDriver/Config/] (level 6) (restricted root)
  StreamName <string>  = "CoolOS" (cb=7)

[/Devices/ichac97/0/LUN#0/Config/] (level 5) (restricted root)
  DriverName    <string>  = "PulseAudio" (cb=11)
  InputEnabled  <integer> = 0x0000000000000000 (0)
  OutputEnabled <integer> = 0x0000000000000001 (1)

[/Devices/ichac97/0/LUN#1/] (level 4)
  Driver <string>  = "AUDIO" (cb=6)

[/Devices/ichac97/0/LUN#1/AttachedDriver/] (level 5)
  Driver <string>  = "AudioVRDE" (cb=10)

[/Devices/ichac97/0/LUN#1/AttachedDriver/Config/] (level 6) (restricted root)
  Object           <integer> = 0x00007f7be400c4d0 (140 170 082 960 592)
  ObjectVRDPServer <integer> = 0x00007f7be400c900 (140 170 082 961 664)
  StreamName       <string>  = "CoolOS" (cb=7)

[/Devices/ichac97/0/LUN#1/Config/] (level 5) (restricted root)
  DriverName    <string>  = "AudioVRDE" (cb=10)
  InputEnabled  <integer> = 0x0000000000000000 (0)
  OutputEnabled <integer> = 0x0000000000000001 (1)

[/Devices/mc146818/] (level 2)

[/Devices/mc146818/0/] (level 3)

[/Devices/mc146818/0/Config/] (level 4) (restricted root)
  UseUTC <integer> = 0x0000000000000000 (0)

[/Devices/parallel/] (level 2)

[/Devices/pcarch/] (level 2)

[/Devices/pcarch/0/] (level 3)
  Trusted <integer> = 0x0000000000000001 (1)

[/Devices/pcarch/0/Config/] (level 4) (restricted root)

[/Devices/pcbios/] (level 2)

[/Devices/pcbios/0/] (level 3)
  Trusted <integer> = 0x0000000000000001 (1)

[/Devices/pcbios/0/Config/] (level 4) (restricted root)
  APIC           <integer> = 0x0000000000000001 (1)
  BootDevice0    <string>  = "FLOPPY" (cb=7)
  BootDevice1    <string>  = "DVD" (cb=4)
  BootDevice2    <string>  = "IDE" (cb=4)
  BootDevice3    <string>  = "NONE" (cb=5)
  FloppyDevice   <string>  = "i82078" (cb=7)
  HardDiskDevice <string>  = "piix3ide" (cb=9)
  IOAPIC         <integer> = 0x0000000000000000 (0)
  McfgBase       <integer> = 0x0000000000000000 (0)
  McfgLength     <integer> = 0x0000000000000000 (0)
  NumCPUs        <integer> = 0x0000000000000001 (1)
  PXEDebug       <integer> = 0x0000000000000000 (0)
  UUID           <bytes>   = "6c 7e 95 99 5f 88 39 42 b8 68 6d e0 49 bf fd 3d" (cb=16)

[/Devices/pcbios/0/Config/NetBoot/] (level 5)

[/Devices/pcbios/0/Config/NetBoot/0/] (level 6)
  NIC           <integer> = 0x0000000000000000 (0)
  PCIBusNo      <integer> = 0x0000000000000000 (0)
  PCIDeviceNo   <integer> = 0x0000000000000003 (3)
  PCIFunctionNo <integer> = 0x0000000000000000 (0)

[/Devices/pci/] (level 2)

[/Devices/pci/0/] (level 3)
  Trusted <integer> = 0x0000000000000001 (1)

[/Devices/pci/0/Config/] (level 4) (restricted root)
  IOAPIC <integer> = 0x0000000000000000 (0)

[/Devices/pckbd/] (level 2)

[/Devices/pckbd/0/] (level 3)
  Trusted <integer> = 0x0000000000000001 (1)

[/Devices/pckbd/0/Config/] (level 4) (restricted root)

[/Devices/pckbd/0/LUN#0/] (level 4)
  Driver <string>  = "KeyboardQueue" (cb=14)

[/Devices/pckbd/0/LUN#0/AttachedDriver/] (level 5)
  Driver <string>  = "MainKeyboard" (cb=13)

[/Devices/pckbd/0/LUN#0/AttachedDriver/Config/] (level 6) (restricted root)
  Object <integer> = 0x00007f7be40072e0 (140 170 082 939 616)

[/Devices/pckbd/0/LUN#0/Config/] (level 5) (restricted root)
  QueueSize <integer> = 0x0000000000000040 (64)

[/Devices/pckbd/0/LUN#1/] (level 4)
  Driver <string>  = "MouseQueue" (cb=11)

[/Devices/pckbd/0/LUN#1/AttachedDriver/] (level 5)
  Driver <string>  = "MainMouse" (cb=10)

[/Devices/pckbd/0/LUN#1/AttachedDriver/Config/] (level 6) (restricted root)
  Object <integer> = 0x00007f7be4007b30 (140 170 082 941 744)

[/Devices/pckbd/0/LUN#1/Config/] (level 5) (restricted root)
  QueueSize <integer> = 0x0000000000000080 (128)

[/Devices/pcnet/] (level 2)

[/Devices/pcnet/0/] (level 3)
  PCIBusNo      <integer> = 0x0000000000000000 (0)
  PCIDeviceNo   <integer> = 0x0000000000000003 (3)
  PCIFunctionNo <integer> = 0x0000000000000000 (0)
  Trusted       <integer> = 0x0000000000000001 (1)

[/Devices/pcnet/0/Config/] (level 4) (restricted root)
  Am79C973       <integer> = 0x0000000000000001 (1)
  CableConnected <integer> = 0x0000000000000001 (1)
  LineSpeed      <integer> = 0x0000000000000000 (0)
  MAC            <bytes>   = "08 00 27 ae 75 a9" (cb=6)

[/Devices/pcnet/0/LUN#0/] (level 4)
  Driver <string>  = "NAT" (cb=4)

[/Devices/pcnet/0/LUN#0/Config/] (level 5) (restricted root)
  AliasMode       <integer> = 0x0000000000000000 (0)
  BootFile        <string>  = "CoolOS.pxe" (cb=11)
  DNSProxy        <integer> = 0x0000000000000000 (0)
  Network         <string>  = "10.0.2.0/24" (cb=12)
  PassDomain      <integer> = 0x0000000000000001 (1)
  TFTPPrefix      <string>  = "/home/ofir123dubi/.config/VirtualBox/TFTP" (cb=42)
  UseHostResolver <integer> = 0x0000000000000000 (0)

[/Devices/pcnet/0/LUN#999/] (level 4)
  Driver <string>  = "MainStatus" (cb=11)

[/Devices/pcnet/0/LUN#999/Config/] (level 5) (restricted root)
  First   <integer> = 0x0000000000000000 (0)
  Last    <integer> = 0x0000000000000000 (0)
  papLeds <integer> = 0x00007f7be40037f8 (140 170 082 924 536)

[/Devices/piix3ide/] (level 2)

[/Devices/piix3ide/0/] (level 3)
  PCIBusNo      <integer> = 0x0000000000000000 (0)
  PCIDeviceNo   <integer> = 0x0000000000000001 (1)
  PCIFunctionNo <integer> = 0x0000000000000001 (1)
  Trusted       <integer> = 0x0000000000000001 (1)

[/Devices/piix3ide/0/Config/] (level 4) (restricted root)
  Type <string>  = "PIIX4" (cb=6)

[/Devices/piix3ide/0/LUN#0/] (level 4)
  Driver <string>  = "VD" (cb=3)

[/Devices/piix3ide/0/LUN#0/Config/] (level 5) (restricted root)
  Format    <string>  = "VDI" (cb=4)
  Mountable <integer> = 0x0000000000000000 (0)
  Path      <string>  = "/home/ofir123dubi/VirtualBox VMs/CoolOS/MyHardDisk.vdi" (cb=55)
  Type      <string>  = "HardDisk" (cb=9)

[/Devices/piix3ide/0/LUN#1/] (level 4)
  Driver <string>  = "VD" (cb=3)

[/Devices/piix3ide/0/LUN#1/Config/] (level 5) (restricted root)
  Format    <string>  = "RAW" (cb=4)
  Mountable <integer> = 0x0000000000000001 (1)
  Path      <string>  = "/home/ofir123dubi/Documents/CooolOS/mykernel.iso" (cb=49)
  ReadOnly  <integer> = 0x0000000000000001 (1)
  Type      <string>  = "DVD" (cb=4)

[/Devices/piix3ide/0/LUN#999/] (level 4)
  Driver <string>  = "MainStatus" (cb=11)

[/Devices/piix3ide/0/LUN#999/Config/] (level 5) (restricted root)
  DeviceInstance        <string>  = "piix3ide/0" (cb=11)
  First                 <integer> = 0x0000000000000000 (0)
  Last                  <integer> = 0x0000000000000003 (3)
  pConsole              <integer> = 0x00007f7be4003130 (140 170 082 922 800)
  papLeds               <integer> = 0x00007f7be40034f8 (140 170 082 923 768)
  pmapMediumAttachments <integer> = 0x00007f7be4003938 (140 170 082 924 856)

[/Devices/serial/] (level 2)

[/Devices/usb-ohci/] (level 2)

[/Devices/usb-ohci/0/] (level 3)
  PCIBusNo      <integer> = 0x0000000000000000 (0)
  PCIDeviceNo   <integer> = 0x0000000000000006 (6)
  PCIFunctionNo <integer> = 0x0000000000000000 (0)
  Trusted       <integer> = 0x0000000000000001 (1)

[/Devices/usb-ohci/0/Config/] (level 4) (restricted root)

[/Devices/usb-ohci/0/LUN#0/] (level 4)
  Driver <string>  = "VUSBRootHub" (cb=12)

[/Devices/usb-ohci/0/LUN#0/Config/] (level 5) (restricted root)

[/Devices/usb-ohci/0/LUN#999/] (level 4)
  Driver <string>  = "MainStatus" (cb=11)

[/Devices/usb-ohci/0/LUN#999/Config/] (level 5) (restricted root)
  First   <integer> = 0x0000000000000000 (0)
  Last    <integer> = 0x0000000000000000 (0)
  papLeds <integer> = 0x00007f7be4003920 (140 170 082 924 832)

[/Devices/vga/] (level 2)

[/Devices/vga/0/] (level 3)
  PCIBusNo      <integer> = 0x0000000000000000 (0)
  PCIDeviceNo   <integer> = 0x0000000000000002 (2)
  PCIFunctionNo <integer> = 0x0000000000000000 (0)
  Trusted       <integer> = 0x0000000000000001 (1)

[/Devices/vga/0/Config/] (level 4) (restricted root)
  CustomVideoModes <integer> = 0x0000000000000000 (0)
  FadeIn           <integer> = 0x0000000000000001 (1)
  FadeOut          <integer> = 0x0000000000000001 (1)
  HeightReduction  <integer> = 0x0000000000000000 (0)
  LogoFile         <string>  = "" (cb=1)
  LogoTime         <integer> = 0x0000000000000000 (0)
  MonitorCount     <integer> = 0x0000000000000001 (1)
  ShowBootMenu     <integer> = 0x0000000000000002 (2)
  VRamSize         <integer> = 0x0000000000800000 (8 388 608, 8 MB)

[/Devices/vga/0/LUN#0/] (level 4)
  Driver <string>  = "MainDisplay" (cb=12)

[/Devices/vga/0/LUN#0/Config/] (level 5) (restricted root)
  Object <integer> = 0x00007f7be4008720 (140 170 082 944 800)

[/Devices/vga/0/LUN#999/] (level 4)
  Driver <string>  = "MainStatus" (cb=11)

[/Devices/vga/0/LUN#999/Config/] (level 5) (restricted root)
  First   <integer> = 0x0000000000000000 (0)
  Last    <integer> = 0x0000000000000000 (0)
  papLeds <integer> = 0x00007f7be4003930 (140 170 082 924 848)

[/Devices/virtio-net/] (level 2)

[/EM/] (level 1)
  TripleFaultReset <integer> = 0x0000000000000000 (0)

[/GIM/] (level 1)
  Provider <string>  = "None" (cb=5)

[/HM/] (level 1)
  64bitEnabled       <integer> = 0x0000000000000000 (0)
  EnableLargePages   <integer> = 0x0000000000000000 (0)
  EnableNestedPaging <integer> = 0x0000000000000001 (1)
  EnableUX           <integer> = 0x0000000000000001 (1)
  EnableVPID         <integer> = 0x0000000000000001 (1)
  Exclusive          <integer> = 0x0000000000000001 (1)
  HMForced           <integer> = 0x0000000000000000 (0)

[/MM/] (level 1)
  CanUseLargerHeap <integer> = 0x0000000000000000 (0)

[/PDM/] (level 1)

[/PDM/AsyncCompletion/] (level 2)

[/PDM/AsyncCompletion/File/] (level 3)

[/PDM/AsyncCompletion/File/BwGroups/] (level 4)

[/PDM/BlkCache/] (level 2)
  CacheSize <integer> = 0x0000000000500000 (5 242 880, 5 MB)

[/PDM/Devices/] (level 2)

[/PDM/Drivers/] (level 2)

[/PDM/Drivers/VBoxC/] (level 3)
  Path <string>  = "/usr/lib/virtualbox/components/VBoxC" (cb=37)

[/PDM/NetworkShaper/] (level 2)

[/PDM/NetworkShaper/BwGroups/] (level 3)

[/TM/] (level 1)
  UTCOffset <integer> = 0x0000000000000000 (0)

[/USB/] (level 1)

[/USB/USBProxy/] (level 2)

[/USB/USBProxy/GlobalConfig/] (level 3)

!!
!! {clocks}
!!
Cpu Tick:         3474779646 (0x000000cf1cedfe) 2903996088Hz paused - virtualized - virtual clock
 Virtual:         1197262895 (0x000000475cc82f) 1000000000Hz paused
VirtSync:         1196551077 (0x0000004751eba5) paused
    Real:            6854513 (0x00000000689771) 1000Hz
!!
!! {cmos1}
!!
First CMOS bank, offsets 0x0E - 0x7F
Offset 00 : --- use 'info rtc' to show CMOS clock --- 00 00
Offset 10 : 00 00 f0 00 0e 80 02 00-fc 2f 00 00 00 00 08 02
Offset 20 : 80 ff ff ff ff 3f 00 00-00 00 00 00 00 00 07 70
Offset 30 : 00 fc 20 00 00 03 00 20-20 00 00 00 00 31 00 00
Offset 40 : 00 00 00 00 00 00 00 00-00 00 00 00 00 00 00 00
Offset 50 : 00 00 00 00 00 00 00 00-00 00 00 00 00 00 00 00
Offset 60 : 01 00 00 00 00 00 00 00-00 00 00 00 00 00 00 00
Offset 70 : 00 00 00 00 00 00 00 00-01 00 00 00 00 00 00 00
!!
!! {cmos2}
!!
Second CMOS bank, offsets 0x80 - 0xFF
Offset 80 : 00 00 18 00 ff ff ff ff-ff ff 00 00 00 00 00 00
Offset 90 : 00 00 00 00 00 00 00 00-00 00 00 00 00 00 00 00
Offset a0 : 00 00 00 00 00 00 00 00-00 00 00 00 00 00 00 00
Offset b0 : 00 00 00 00 00 00 00 00-00 00 00 00 00 00 00 00
Offset c0 : 00 00 00 00 00 00 00 00-00 00 00 00 00 00 00 00
Offset d0 : 00 00 00 00 00 00 00 00-00 00 00 00 00 00 00 00
Offset e0 : 00 00 00 00 00 00 00 00-00 00 00 00 00 00 00 00
Offset f0 : 00 00 00 00 00 00 00 00-00 00 00 00 00 00 00 00
!!
!! {exithistory}
!!
HM is not enabled for this VM!
!!
!! {fflags}
!!
Global FFs: 0x600
    REQUEST, CHECK_VM_STATE
  Groups:
    EXTERNAL_SUSPENDED, EXTERNAL_HALTED, HIGH_PRIORITY_PRE, NORMAL_PRIORITY_POST, NORMAL_PRIORITY,
    ALL_REM
CPU 0 FFs: 0xfb0004
    TIMER, PGM_SYNC_CR3, PGM_SYNC_CR3_NON_GLOBAL, TLB_FLUSH, TRPM_SYNC_IDT, SELM_SYNC_TSS,
    SELM_SYNC_GDT, SELM_SYNC_LDT
  Groups:
    EXTERNAL_HALTED, HIGH_PRIORITY_PRE, HIGH_PRIORITY_PRE_RAW, HM_TO_R3, ALL_REM
!!
!! {gdt}
!!
Shadow GDT (GCAddr=ff6e5000):
ffd8 - 81e80087 ff008940 - base=ff4081e8 limit=00000087 dpl=0 TSS32Avail Present 16-bit  HyperTSSTrap08
ffe0 - 81600087 ff008b40 - base=ff408160 limit=00000087 dpl=0 TSS32Busy Present 16-bit  HyperTSS
ffe8 - 0000ffff 00af9b00 - base=00000000 limit=ffffffff dpl=0 CodeER Accessed Present Page 16-bit  HyperCS64
fff0 - 0000ffff 00cf9300 - base=00000000 limit=ffffffff dpl=0 DataRW Accessed Present Page 32-bit  HyperDS
fff8 - 0000ffff 00cf9b00 - base=00000000 limit=ffffffff dpl=0 CodeER Accessed Present Page 32-bit  HyperCS
!!
!! {gdtguest}
!!
Guest GDT (GCAddr=0000000000509012 limit=30):
0010 - 00003fff 00c09b00 - base=00000000 limit=03ffffff dpl=0 CodeER Accessed Present Page 32-bit 
0018 - 00003fff 00c09200 - base=00000000 limit=03ffffff dpl=0 DataRW Present Page 32-bit 
0020 - 00003fff 00c0fa00 - base=00000000 limit=03ffffff dpl=3 CodeER Present Page 32-bit 
0028 - 00003fff 00c0f200 - base=00000000 limit=03ffffff dpl=3 DataRW Present Page 32-bit 
!!
!! {guestprops}
!!
/VirtualBox/HostInfo/GUI/LanguageID: 'en_US', 1523462451314404000
/VirtualBox/HostInfo/VBoxVerExt: '5.2.2', 1523465490370767000 (TRANSIENT, RDONLYGUEST)
/VirtualBox/HostGuest/SysprepExec: '', 1523465490370446000 (TRANSIENT, RDONLYGUEST)
/VirtualBox/HostGuest/SysprepArgs: '', 1523465490370462000 (TRANSIENT, RDONLYGUEST)
/VirtualBox/HostInfo/VBoxRev: '119230', 1523465490370779000 (TRANSIENT, RDONLYGUEST)
/VirtualBox/HostInfo/VBoxVer: '5.2.2', 1523465490370754000 (TRANSIENT, RDONLYGUEST)
!!
!! {hmeventpending}
!!
HM is not enabled for this VM!
!!
!! {ioport}
!!
I/O Port R3 ranges (pVM=00007f7c1177c000)
Range     pDevIns          In               Out              pvUser           Description
0000-0007 00007f7bf0146820 00007f7bcfcb3670 00007f7bcfcb4240 00007f7bf0146930 DMA8 Address
0008-000f 00007f7bf0146820 00007f7bcfcb3700 00007f7bcfcb4300 00007f7bf0146930 DMA8 Control
0020-0021 00007f7bd29aebc0 00007f7bcfc91e00 00007f7bcfc91f80 0000000000000000 i8259 PIC #0
0040-0043 00007f7bd29af1d0 00007f7bcfc8f2f0 00007f7bcfc90ae0 0000000000000000 i8254 Programmable Interval Timer
0060-0060 00007f7bd29c4090 00007f7bcfc63710 00007f7bcfc63b00 0000000000000000 PC Keyboard - Data
0061-0061 00007f7bd29af1d0 00007f7bcfc8fa00 00007f7bcfc8fd70 0000000000000000 PC Speaker
0064-0064 00007f7bd29c4090 00007f7bcfc62ea0 00007f7bcfc637f0 0000000000000000 PC Keyboard - Command / Status
0070-0073 00007f7bd29af760 00007f7bcfc989b0 00007f7bcfc99c40 0000000000000000 MC146818 RTC/CMOS
0080-0087 00007f7bf0146820 00007f7bcfcb3810 00007f7bcfcb4460 00007f7bf0146930 DMA8 Page
0088-008f 00007f7bf0146820 00007f7bcfcb3810 00007f7bcfcb4460 00007f7bf01469d0 DMA16 Page
0092-0092 00007f7bf00b9730 00007f7bcfca07e0 00007f7bcfca0820 0000000000000000 PS/2 system control port A (A20 and more)
00a0-00a1 00007f7bd29aebc0 00007f7bcfc91e00 00007f7bcfc91f80 0000000000000001 i8259 PIC #1
00c0-00cf 00007f7bf0146820 00007f7bcfcb3670 00007f7bcfcb4240 00007f7bf01469d0 DMA16 Address
00d0-00df 00007f7bf0146820 00007f7bcfcb3700 00007f7bcfcb4300 00007f7bf01469d0 DMA16 Control
00f0-00ff 00007f7bf00b9730 00007f7bcfca0590 00007f7bcfca07b0 0000000000000000 Math Co-Processor (DOS/OS2 mode)
0170-0170 00007f7bd29b10d0 00007f7bcfc8e370 00007f7bcfc8e640 0000000000000001 ATA I/O Base 1 - Data
0171-0177 00007f7bd29b10d0 00007f7bcfc857f0 00007f7bcfc866b0 0000000000000001 ATA I/O Base 1 - Other
01ce-01ce 00007f7bcee9f000 00007f7bcfc7a740 00007f7bcfc7a570 0000000000000000 VGA/VBE - Index
01cf-01cf 00007f7bcee9f000 00007f7bcfc7a5e0 00007f7bcfc7ceb0 0000000000000000 VGA/VBE - Data
01f0-01f0 00007f7bd29b10d0 00007f7bcfc8e370 00007f7bcfc8e640 0000000000000000 ATA I/O Base 1 - Data
01f1-01f7 00007f7bd29b10d0 00007f7bcfc857f0 00007f7bcfc866b0 0000000000000000 ATA I/O Base 1 - Other
0376-0376 00007f7bd29b10d0 00007f7bcfc82680 00007f7bcfc87aa0 0000000000000001 ATA I/O Base 2
03b0-03b3 00007f7bcee9f000 00007f7bcfc7b930 00007f7bcfc7b990 0000000000000000 VGA - 3b0 (HGSMI host)
03b4-03b5 00007f7bcee9f000 00007f7bcfc777d0 00007f7bcfc7bf20 0000000000000000 VGA - 3b4
03b6-03b6 00007f7bcee9f000 00007f7bcfc77890 00007f7bcfc77870 0000000000000000 VBE BIOS Extra Data
03b7-03b7 00007f7bcee9f000 00007f7bcfc77840 00007f7bcfc77850 0000000000000000 VGA BIOS debug/panic
03b8-03b8 00007f7bcee9f000 00007f7bcfc77c60 00007f7bcfc7a7a0 0000000000000000 BIOS Logo
03ba-03ba 00007f7bcee9f000 00007f7bcfc777d0 00007f7bcfc7bf20 0000000000000000 VGA - 3ba
03c0-03cf 00007f7bcee9f000 00007f7bcfc777d0 00007f7bcfc7bf20 0000000000000000 VGA - 3c0
03d0-03d3 00007f7bcee9f000 00007f7bcfc7b930 00007f7bcfc7b990 0000000000000000 VGA - 3d0 (HGSMI guest)
03d4-03d5 00007f7bcee9f000 00007f7bcfc777d0 00007f7bcfc7bf20 0000000000000000 VGA - 3d4
03da-03da 00007f7bcee9f000 00007f7bcfc777d0 00007f7bcfc7bf20 0000000000000000 VGA - 3da
03f6-03f6 00007f7bd29b10d0 00007f7bcfc82680 00007f7bcfc87aa0 0000000000000000 ATA I/O Base 2
0400-0403 00007f7bf00b9ca0 00007f7bcfc9a120 00007f7bcfc9b590 0000000000000000 Bochs PC BIOS - Panic & Debug
040f-040f 00007f7bf00b9ca0 00007f7bcfc9a120 00007f7bcfc9b590 0000000000000000 Bochs PC BIOS - Shutdown
0410-0410 00007f7bd29c2e80 00007f7bcfc6a610 00007f7bcfc6b590 0000000000000000 i440FX (Fake PCI BIOS trigger)
04d0-04d0 00007f7bd29aebc0 00007f7bcfc91160 00007f7bcfc911e0 00007f7bd29aecc0 i8259 PIC #0 - elcr
04d1-04d1 00007f7bd29aebc0 00007f7bcfc91160 00007f7bcfc911e0 00007f7bd29aed08 i8259 PIC #1 - elcr
0504-0504 00007f7bd29c8e10 00007f7bf41d6440 00007f7bcfca3920 0000000000000000 VMMDev backdoor logging
0505-0505 00007f7bd29c8e10 00007f7bcfca37a0 00007f7bcfca3760 0000000000000000 VMMDev timesync backdoor
0cf8-0cf8 00007f7bd29c2e80 00007f7bcfc6b3d0 00007f7bcfc6b370 0000000000000000 i440FX (PCI)
0cfc-0cff 00007f7bd29c2e80 00007f7bcfc6a4e0 00007f7bcfc6a3b0 0000000000000000 i440FX (PCI)
4000-4000 00007f7bd29dca50 00007f7bcfc92970 00007f7bcfc969e0 00007f7bd29dcb50 ACPI PM1a Status
4002-4002 00007f7bd29dca50 00007f7bcfc929d0 00007f7bcfc96a60 00007f7bd29dcb50 ACPI PM1a Enable
4004-4004 00007f7bd29dca50 00007f7bcfc92910 00007f7bcfc938f0 00007f7bd29dcb50 ACPI PM1a Control
4008-4008 00007f7bd29dca50 00007f7bcfc96c30 00007f7bf41d5ed0 00007f7bd29dcb50 ACPI PM Timer
4020-4020 00007f7bd29dca50 00007f7bcfc92850 00007f7bcfc97340 00007f7bd29dcb50 ACPI GPE0 Status
4021-4021 00007f7bd29dca50 00007f7bcfc928b0 00007f7bcfc973b0 00007f7bd29dcb50 ACPI GPE0 Enable
4040-4040 00007f7bd29dca50 00007f7bf41d6440 00007f7bcfc93790 00007f7bd29dcb50 ACPI Battery status index
4044-4044 00007f7bd29dca50 00007f7bcfc92f40 00007f7bf41d5ed0 00007f7bd29dcb50 ACPI Battery status data
4048-4048 00007f7bd29dca50 00007f7bf41d6440 00007f7bcfc936c0 00007f7bd29dcb50 ACPI system info index
404c-404c 00007f7bd29dca50 00007f7bcfc92c10 00007f7bcfc93b70 00007f7bd29dcb50 ACPI system info data
4050-4050 00007f7bd29dca50 00007f7bf41d6440 00007f7bcfc93b00 00007f7bd29dcb50 ACPI Reset
4100-410f 00007f7bd29dca50 00007f7bcfc92a30 00007f7bcfc974d0 00007f7bd29dcb50 SMBus
442e-442e 00007f7bd29dca50 00007f7bf41d6440 00007f7bcfc93810 00007f7bd29dcb50 ACPI SMI
d000-d007 00007f7bd29b10d0 00007f7bcfc82780 00007f7bcfc878b0 0000000000000000 ATA Bus Master DMA
d008-d00f 00007f7bd29b10d0 00007f7bcfc82780 00007f7bcfc878b0 0000000000000001 ATA Bus Master DMA
d020-d02f 00007f7bd29d82a0 00007f7bcfcaced0 00007f7bcfcacd90 0000000000000000 PCNet ARPOM
d030-d03f 00007f7bd29d82a0 00007f7bcfcb2930 00007f7bcfcb3610 0000000000000000 PCNet
d040-d040 00007f7bd29c8e10 00007f7bf41d6440 00007f7bcfca5610 00007f7bd29c8f10 VMMDev Request Handler
d100-d1ff 00007f7bf03332a0 00007f7bcfd51080 00007f7bcfd53e00 00007f7bf03333a0 ICHAC97 NAM
d200-d23f 00007f7bf03332a0 00007f7bcfd506d0 00007f7bcfd53760 00007f7bf03333a0 ICHAC97 NABM
I/O Port R0 ranges (pVM=00007f7c1177c000)
Range     pDevIns          In               Out              pvUser           Description
0020-0021 00007f7bd29aebc0 ffffffffc0124950 ffffffffc0124ad0 0000000000000000 i8259 PIC #0
0040-0043 00007f7bd29af1d0 ffffffffc0123f50 ffffffffc0124110 0000000000000000 i8254 Programmable Interval Timer
0060-0060 00007f7bd29c4090 ffffffffc0122490 ffffffffc0122570 0000000000000000 PC Keyboard - Data
0064-0064 00007f7bd29c4090 ffffffffc01226f0 ffffffffc0122740 0000000000000000 PC Keyboard - Command / Status
0070-0073 00007f7bd29af760 ffffffffc0125150 ffffffffc0125280 0000000000000000 MC146818 RTC/CMOS
00a0-00a1 00007f7bd29aebc0 ffffffffc0124950 ffffffffc0124ad0 0000000000000001 i8259 PIC #1
0170-0170 00007f7bd29b10d0 ffffffffc0126cd0 ffffffffc01269c0 0000000000000001 ATA I/O Base 1 - Data
0171-0177 00007f7bd29b10d0 ffffffffc0127920 ffffffffc01275d0 0000000000000001 ATA I/O Base 1 - Other
01ce-01ce 00007f7bcee9f000 ffffffffc01217c0 ffffffffc01215f0 0000000000000000 VGA/VBE - Index (GC)
01cf-01cf 00007f7bcee9f000 ffffffffc0121660 ffffffffc0121570 0000000000000000 VGA/VBE - Data (GC)
01f0-01f0 00007f7bd29b10d0 ffffffffc0126cd0 ffffffffc01269c0 0000000000000000 ATA I/O Base 1 - Data
01f1-01f7 00007f7bd29b10d0 ffffffffc0127920 ffffffffc01275d0 0000000000000000 ATA I/O Base 1 - Other
0376-0376 00007f7bd29b10d0 ffffffffc0127e50 ffffffffc0127d20 0000000000000001 ATA I/O Base 2
03b4-03b5 00007f7bcee9f000 ffffffffc0121500 ffffffffc0121480 0000000000000000 VGA - 3b4 (GC)
03b7-03b7 00007f7bcee9f000 ffffffffc01222d0 ffffffffc01222e0 0000000000000000 VGA BIOS debug/panic
03ba-03ba 00007f7bcee9f000 ffffffffc0121500 ffffffffc0121480 0000000000000000 VGA - 3ba (GC)
03c0-03cf 00007f7bcee9f000 ffffffffc0121500 ffffffffc0121480 0000000000000000 VGA - 3c0 (GC)
03d4-03d5 00007f7bcee9f000 ffffffffc0121500 ffffffffc0121480 0000000000000000 VGA - 3d4 (GC)
03da-03da 00007f7bcee9f000 ffffffffc0121500 ffffffffc0121480 0000000000000000 VGA - 3da (GC)
03f6-03f6 00007f7bd29b10d0 ffffffffc0127e50 ffffffffc0127d20 0000000000000000 ATA I/O Base 2
04d0-04d0 00007f7bd29aebc0 ffffffffc0124ee0 ffffffffc0124f60 00007f7bd29aecc0 i8259 PIC #0 - elcr
04d1-04d1 00007f7bd29aebc0 ffffffffc0124ee0 ffffffffc0124f60 00007f7bd29aed08 i8259 PIC #1 - elcr
0cf8-0cf8 00007f7bd29c2e80 ffffffffc011f470 ffffffffc011f410 0000000000000000 i440FX (PCI)
0cfc-0cff 00007f7bd29c2e80 ffffffffc011f580 ffffffffc011f4e0 0000000000000000 i440FX (PCI)
4008-4008 00007f7bd29dca50 ffffffffc01235c0 0000000000000000 0000000000000000 ACPI PM Timer
d000-d007 00007f7bd29b10d0 ffffffffc01272d0 ffffffffc01273e0 0000000000000000 ATA Bus Master DMA
d008-d00f 00007f7bd29b10d0 ffffffffc01272d0 ffffffffc01273e0 0000000000000001 ATA Bus Master DMA
d020-d02f 00007f7bd29d82a0 ffffffffc012b6d0 ffffffffc012b7b0 0000000000000000 PCNet aprom
d030-d03f 00007f7bd29d82a0 ffffffffc012b800 ffffffffc012b8e0 0000000000000000 PCNet
I/O Port GC ranges (pVM=00007f7c1177c000)
Range     pDevIns  In       Out      pvUser   Description
0020-0021 ff428bc0 ff914bf0 ff914d50 00000000 i8259 PIC #0
0040-0043 ff4291d0 ff914230 ff9143e0 00000000 i8254 Programmable Interval Timer
0060-0060 ff43e090 ff912490 ff912550 00000000 PC Keyboard - Data
0061-0061 ff4291d0 ff914660 00000000 00000000 PC Speaker
0064-0064 ff43e090 ff9126e0 ff912740 00000000 PC Keyboard - Command / Status
0070-0073 ff429760 ff9153f0 ff915550 00000000 MC146818 RTC/CMOS
00a0-00a1 ff428bc0 ff914bf0 ff914d50 00000001 i8259 PIC #1
0170-0170 ff42b0d0 ff916b60 ff916a10 00000001 ATA I/O Base 1 - Data
0171-0177 ff42b0d0 ff917490 ff917140 00000001 ATA I/O Base 1 - Other
01ce-01ce ff934000 ff911460 ff911270 00000000 VGA/VBE - Index (GC)
01cf-01cf ff934000 ff9112f0 ff9111e0 00000000 VGA/VBE - Data (GC)
01f0-01f0 ff42b0d0 ff916b60 ff916a10 00000000 ATA I/O Base 1 - Data
01f1-01f7 ff42b0d0 ff917490 ff917140 00000000 ATA I/O Base 1 - Other
0376-0376 ff42b0d0 ff9179e0 ff9178b0 00000001 ATA I/O Base 2
03b4-03b5 ff934000 ff911160 ff911100 00000000 VGA - 3b4 (GC)
03ba-03ba ff934000 ff911160 ff911100 00000000 VGA - 3ba (GC)
03c0-03cf ff934000 ff911160 ff911100 00000000 VGA - 3c0 (GC)
03d4-03d5 ff934000 ff911160 ff911100 00000000 VGA - 3d4 (GC)
03da-03da ff934000 ff911160 ff911100 00000000 VGA - 3da (GC)
03f6-03f6 ff42b0d0 ff9179e0 ff9178b0 00000000 ATA I/O Base 2
04d0-04d0 ff428bc0 ff915190 ff915210 ff428cc0 i8259 PIC #0 - elcr
04d1-04d1 ff428bc0 ff915190 ff915210 ff428d08 i8259 PIC #1 - elcr
0cf8-0cf8 ff43ce80 ff90f3e0 ff90f380 00000000 i440FX (PCI)
0cfc-0cff ff43ce80 ff90f4f0 ff90f450 00000000 i440FX (PCI)
4008-4008 ff456a50 ff9136e0 00000000 00000000 ACPI PM Timer
d000-d007 ff42b0d0 ff916ef0 ff916ff0 00000000 ATA Bus Master DMA
d008-d00f ff42b0d0 ff916ef0 ff916ff0 00000001 ATA Bus Master DMA
d020-d02f ff4522a0 ff91b120 ff91b210 00000000 PCNet aprom
d030-d03f ff4522a0 ff91b260 ff91b320 00000000 PCNet
!!
!! {irqroute}
!!
PCI interrupt router at: 00:01:0
PIRQA -> IRQ11
PIRQB -> IRQ10
PIRQC -> IRQ9
PIRQD -> IRQ11
!!
!! {ldt}
!!
Shadow LDT (GCAddr=ff6f6000 limit=0x0):
!!
!! {ldtguest}
!!
Guest LDT (Sel=0): Null-Selector
!!
!! {mmio}
!!
MMIO ranges (pVM=00007f7c1177c000)
GC Phys Range                     pDevIns          Read             Write            Fill             pvUser           Description
00000000000a0000-00000000000bffff 00007f7bcee9f000 00007f7bcfc7b750 00007f7bcfc7a050 00007f7bcfc7ab10 0000000000000000 VGA - VGA Video Buffer
                               R0 00007f7bcee9f000 ffffffffc0121eb0 ffffffffc0122090 ffffffffc0121820 0000000000000000
                               RC ff934000 ff911cd0 ff911fb0 ff9114e0 00000000
00000000f0000000-00000000f0000fff 00007f7bd29d82a0 00007f7bcfcb27d0 00007f7bcfcb3450 0000000000000000 00007f7bd29d83a0 PCNet
                               R0 0000000000000000 0000000000000000 0000000000000000 0000000000000000 0000000000000000
                               RC 00000000 00000000 00000000 00000000 00000000
00000000f0804000-00000000f0804fff 00007f7bd29db0c0 00007f7bcfcfdf40 00007f7bcfcfdfc0 0000000000000000 0000000000000000 USB OHCI
                               R0 00007f7bd29db0c0 ffffffffc0133260 ffffffffc01332e0 0000000000000000 0000000000000000
                               RC ff4550c0 ff922c20 ff922cc0 00000000 00000000
00000000fee00000-00000000fee00fff 00007f7bd29c4ab0 00007f7bf4265f00 00007f7bf42670b0 0000000000000000 0000000000000000 APIC
                               R0 00007f7bd29c4ab0 ffffffffc0659b20 ffffffffc065aee0 0000000000000000 0000000000000000
                               RC ff43eab0 ff5751c0 ff576150 00000000 00000000
!!
!! {nat0}
!!
NAT parameters: MTU=1500
NAT TCP ports:
NAT UDP ports:
NAT ARP cache:
NAT rules:
!!
!! {ohci}
!!
HcControl:          00000200 - CBSR=0 PLE=0 IE=0 CLE=0 BLE=0 HCFS=0x0 IR=0 RWC=1 RWE=0
HcCommandStatus:    00000000 - HCR=0 CLF=0 BLF=0 OCR=0 SOC=0
HcInterruptStatus:  00000040 - SO=0 WDH=0 SF=0 RD=0 UE=0 FNO=0 RHSC=1 OC=0
HcInterruptEnable:  00000000 - SO=0 WDH=0 SF=0 RD=0 UE=0 FNO=0 RHSC=0 OC=0 MIE=0
HcHCCA:             00000000
HcPeriodCurrentED:  00000000
HcControlHeadED:    00000000
HcControlCurrentED: 00000000
HcBulkHeadED:       00000000
HcBulkCurrentED:    00000000
HcDoneHead:         00000000
HcDoneHead:         00000000
HcRhDescriptorA:    0000020c - NDP=12 PSM=0 NPS=1 DT=0 OCPM=0 NOCP=0 POTPGT=0
HcRhDescriptorB:    00000000 - DR=0x00 PPCM=0x00
HcRhStatus:         00000000 - LPS=0 OCI=0 DRWE=0  LPSC=0 OCIC=0 CRWE=0

HcRhPortStatus00: CCS=0 PES =0 PSS =0 POCI=0 PRS =0  PPS=0 LSDA=0
      00000000 -  CSC=0 PESC=0 PSSC=0 OCIC=0 PRSC=0
HcRhPortStatus01: CCS=0 PES =0 PSS =0 POCI=0 PRS =0  PPS=0 LSDA=0
      00000000 -  CSC=0 PESC=0 PSSC=0 OCIC=0 PRSC=0
HcRhPortStatus02: CCS=0 PES =0 PSS =0 POCI=0 PRS =0  PPS=0 LSDA=0
      00000000 -  CSC=0 PESC=0 PSSC=0 OCIC=0 PRSC=0
HcRhPortStatus03: CCS=0 PES =0 PSS =0 POCI=0 PRS =0  PPS=0 LSDA=0
      00000000 -  CSC=0 PESC=0 PSSC=0 OCIC=0 PRSC=0
HcRhPortStatus04: CCS=0 PES =0 PSS =0 POCI=0 PRS =0  PPS=0 LSDA=0
      00000000 -  CSC=0 PESC=0 PSSC=0 OCIC=0 PRSC=0
HcRhPortStatus05: CCS=0 PES =0 PSS =0 POCI=0 PRS =0  PPS=0 LSDA=0
      00000000 -  CSC=0 PESC=0 PSSC=0 OCIC=0 PRSC=0
HcRhPortStatus06: CCS=0 PES =0 PSS =0 POCI=0 PRS =0  PPS=0 LSDA=0
      00000000 -  CSC=0 PESC=0 PSSC=0 OCIC=0 PRSC=0
HcRhPortStatus07: CCS=0 PES =0 PSS =0 POCI=0 PRS =0  PPS=0 LSDA=0
      00000000 -  CSC=0 PESC=0 PSSC=0 OCIC=0 PRSC=0
HcRhPortStatus08: CCS=0 PES =0 PSS =0 POCI=0 PRS =0  PPS=0 LSDA=0
      00000000 -  CSC=0 PESC=0 PSSC=0 OCIC=0 PRSC=0
HcRhPortStatus09: CCS=0 PES =0 PSS =0 POCI=0 PRS =0  PPS=0 LSDA=0
      00000000 -  CSC=0 PESC=0 PSSC=0 OCIC=0 PRSC=0
HcRhPortStatus10: CCS=0 PES =0 PSS =0 POCI=0 PRS =0  PPS=0 LSDA=0
      00000000 -  CSC=0 PESC=0 PSSC=0 OCIC=0 PRSC=0
HcRhPortStatus11: CCS=0 PES =0 PSS =0 POCI=0 PRS =0  PPS=0 LSDA=0
      00000000 -  CSC=0 PESC=0 PSSC=0 OCIC=0 PRSC=0
!!
!! {pci}
!!
00:00.0 i440FX: 8086-1237 PIIX3
        Class base/sub: 0600 (bridge device)
        Command: 0000, Status: 0000
        Bus master: No
00:01.0 PIIX3: 8086-7000 PIIX3
        Class base/sub: 0601 (bridge device)
        Command: 0007, Status: 0200
        Bus master: Yes
00:01.1 piix3ide: 8086-7111 PIIX3
        Class base/sub: 0101 (mass storage controller)
        IO region #4: d000..d00f
        Command: 0007, Status: 0000
        Bus master: Yes
00:02.0 vga: 80ee-beef PIIX3 IRQ10 (INTA#->IRQ18)
        Class base/sub: 0300 (display controller)
        MMIO32 PREFETCH region #0: e0000000..e07fffff
        Command: 0003, Status: 0000
        Bus master: No
00:03.0 pcnet: 1022-2000 PIIX3 IRQ9 (INTA#->IRQ19)
        Class base/sub: 0200 (network controller)
        IO region #0: d020..d03f
        MMIO32 region #1: f0000000..f0000fff
        Command: 0007, Status: 0280
        Bus master: Yes
00:04.0 VMMDev: 80ee-cafe PIIX3 IRQ11 (INTA#->IRQ20)
        Class base/sub: 0880 (base system peripherals)
        IO region #0: d040..d05f
        MMIO32 region #1: f0400000..f07fffff
        MMIO32 PREFETCH region #2: f0800000..f0803fff
        Command: 0003, Status: 0000
        Bus master: No
00:05.0 ichac97: 8086-2415 PIIX3 IRQ11 (INTA#->IRQ21)
        Class base/sub: 0401 (multimedia controller)
        IO region #0: d100..d1ff
        IO region #1: d200..d23f
        Command: 0001, Status: 0280
        Bus master: No
00:06.0 usb-ohci: 106b-003f PIIX3 IRQ10 (INTA#->IRQ22)
        Class base/sub: 0c03 (serial bus controllers)
        MMIO32 region #0: f0804000..f0804fff
        Command: 0002, Status: 0010
        Bus master: No
00:07.0 acpi: 8086-7113 PIIX3 IRQ9 (INTA#->IRQ23)
        Class base/sub: 0680 (bridge device)
        Command: 0001, Status: 0280
        Bus master: No
!!
!! {pciirq}
!!
PCI I/O APIC IRQ levels:
  IRQ16: 0
  IRQ17: 0
  IRQ18: 0
  IRQ19: 0
  IRQ20: 0
  IRQ21: 0
  IRQ22: 0
  IRQ23: 0
!!
!! {pcnet0}
!!
pcnet #0: port=d020 mmio=f0000000 mac-cfg=08:00:27:ae:75:a9 Am79C973 RC R0
CSR0=0x007b:
CSR1=0x0468:
CSR2=0x00a0:
CSR3=0x0000: BSWP=0 EMBA=0 DXMT2PD=0 LAPPEN=0 DXSUFLO=0 IDONM=0 TINTM=0 RINTM=0 MERRM=0 MISSM=0 BABLM=0
CSR4=0x0d1d: JABM=1 JAB=0 TXSTRM=1 TXSTRT=1 RCVCOOM=1 RCVCCO=0 UINT=0 UINTCMD=0
              MFCOM=1 MFCO=0 ASTRP_RCV=1 APAD_XMT=1 DPOLL=0 TIMER=0 EMAPLUS=0 EN124=0
CSR5=0x0000:
CSR6=0x3300: RLEN=0x3* TLEN=0x3* [* encoded]
CSR8..11=0x0000,0x0000,0x0000,0x0000: LADRF=0x0000000000000000
CSR12..14=0x0008,0xae27,0xa975: PADR=08:00:27:ae:75:a9 (Current MAC Address)
CSR15=0x0000: DXR=0 DTX=0 LOOP=0 DXMTFCS=0 FCOLL=0 DRTY=0 INTL=0 PORTSEL=0 LTR=0
              MENDECL=0 DAPC=0 DLNKTST=0 DRCVPV=0 DRCVBC=0 PROM=0
CSR46=0x0000: POLL=0x0000 (Poll Time Counter)
CSR47=0x0000: POLLINT=0x0000 (Poll Time Interval)
CSR58=0x0302: SWSTYLE=2 PCNet-PCI II SSIZE32=1 CSRPCNET=1 APERRENT=0
CSR112=0000: MFC=0000 (Missed receive Frame Count)
CSR122=0000: RCVALGN=0000 (Receive Frame Align)
CSR124=0000: RPA=0000 (Runt Packet Accept)
RCVRL=0008 RCVRC=0007  GCRDRA=a04d20 
CRDA=00a04d30 CRBA=00a05530 CRBC=7ff CRST=8000
NRDA=00a04d40 NRBA=00a05540 NRBC=7ff NRST=8000
NNRDA=00000000
XMTRL=0008 XMTRC=0007  GCTDRA=00a00490 BADX=00000000
PXDA=00a00490               PXBC=fd6 PXST=8300
CXDA=00a00490 CXBA=00000000 CXBC=fd6 CXST=8300
NXDA=00000000 NXBA=00000000 NXBC=000 NXST=0000
NNXDA=00000000
!!
!! {pdmtracingids}
!!
Device tracing IDs:
00001  pcarch
00002  pcbios
00003  pci
00004  pckbd
00005  apic
00006  i8259
00007  i8254
00008  mc146818
00009  8237A
00010  VMMDev
00011  vga
00012  piix3ide
00013  pcnet
00014  ichac97
00015  usb-ohci
00016  acpi
USB device tracing IDs:
Driver tracing IDs:
01025  KeyboardQueue (level 0, lun 0, dev pckbd)
01026  MainKeyboard (level 1, lun 0, dev pckbd)
01027  MouseQueue (level 0, lun 1, dev pckbd)
01028  MainMouse (level 1, lun 1, dev pckbd)
01029  HGCM (level 0, lun 0, dev VMMDev)
01030  MainStatus (level 0, lun 999, dev VMMDev)
01031  MainDisplay (level 0, lun 0, dev vga)
01032  MainStatus (level 0, lun 999, dev vga)
01033  MainStatus (level 0, lun 999, dev piix3ide)
01034  VD (level 0, lun 0, dev piix3ide)
01035  VD (level 0, lun 1, dev piix3ide)
01036  MainStatus (level 0, lun 999, dev pcnet)
01037  NAT (level 0, lun 0, dev pcnet)
01038  AUDIO (level 0, lun 0, dev ichac97)
01039  PulseAudio (level 1, lun 0, dev ichac97)
01040  AUDIO (level 0, lun 1, dev ichac97)
01041  AudioVRDE (level 1, lun 1, dev ichac97)
01042  VUSBRootHub (level 0, lun 0, dev usb-ohci)
01043  MainStatus (level 0, lun 999, dev usb-ohci)
01044  ACPIHost (level 0, lun 0, dev acpi)
!!
!! {phys}
!!
RAM ranges (pVM=00007f7c1177c000)
GC Phys Range                     pvHC            
0000000000000000-0000000003ffffff 0000000000000000 Base RAM
00000000e0000000-00000000e07fffff 00007f7bce69f000 VRam
00000000f0000000-00000000f0000fff 0000000000000000 PCNet
00000000f0400000-00000000f07fffff 00007f7bcf13e000 VMMDev
00000000f0800000-00000000f0803fff 00007f7c11771000 VMMDev Heap
00000000f0804000-00000000f0804fff 0000000000000000 USB OHCI
00000000fee00000-00000000fee00fff 0000000000000000 APIC
00000000ffff0000-00000000ffffffff 0000000000000000 PC BIOS - 0xffffffff
!!
!! {pic}
!!
PIC0:
 IMR :00 ISR   :00 IRR   :00 LIRR:00
 Base:20 PriAdd:00 RegSel:00
 Poll:00 SpMask:00 IState:00
 AEOI:00 Rotate:00 FNest :00 Ini4:01
 ELCR:00 ELMask:f8
PIC1:
 IMR :00 ISR   :00 IRR   :00 LIRR:00
 Base:28 PriAdd:00 RegSel:00
 Poll:00 SpMask:00 IState:00
 AEOI:00 Rotate:00 FNest :00 Ini4:01
 ELCR:0e ELMask:de
!!
!! {pit}
!!
PIT (i8254) channel 0 status: irq=0x0
      count=00010000  latched_count=0000  count_latched=00
           status=00   status_latched=00     read_state=03
      write_state=03      write_latch=00        rw_mode=03
             mode=02              bcd=00           gate=01
  count_load_time=0000000030e80073 next_transition_time=0000000047d2aae4
      u64ReloadTS=00000000448c928a            u64NextTS=0000000047d2aae4
PIT (i8254) channel 1 status: irq=0x0
      count=00010000  latched_count=0000  count_latched=00
           status=00   status_latched=00     read_state=00
      write_state=00      write_latch=00        rw_mode=00
             mode=03              bcd=00           gate=01
  count_load_time=0000000000000000 next_transition_time=0000000000000000
      u64ReloadTS=0000000000000000            u64NextTS=ffffffffffffffff
PIT (i8254) channel 2 status: irq=0x0
      count=0000ffff  latched_count=0000  count_latched=00
           status=00   status_latched=00     read_state=03
      write_state=03      write_latch=ff        rw_mode=03
             mode=00              bcd=00           gate=00
  count_load_time=0000000035873704 next_transition_time=0000000000000000
      u64ReloadTS=0000000035873704            u64NextTS=ffffffffffffffff
speaker_data_on=0x0
!!
!! {plugins}
!!
No plug-ins loaded
!!
!! {ps2k}
!!
PS/2 Keyboard: scan set 2, scanning enabled
Active command 00
LED state 00, Num Lock off
Typematic delay 500ms, repeat period 91ms
Command queue: 0 items (4 max)
Input queue  : 0 items (64 max)
!!
!! {ps2m}
!!
PS/2 mouse state: normal, stream mode, reporting enabled
Protocol: PS/2, scaling 1:1
Active command 00
Sampling rate 100 reports/sec, resolution 4 counts/mm
Command queue: 0 items (8 max)
Event queue  : 0 items (256 max)
!!
!! {rtc}
!!
Time: 09:51:30  Date: 18-04-11
REG A=26 B=02 C=00 D=80
!!
!! {tracebuf}
!!
Tracing is disabled
!!
!! {trpmevent}
!!
CPU[0]: TRPM event (None)
!!
!! {vbe}
!!
LFB at 00000000e0000000
VBE disabled
!!
!! {vga}
!!
pixel clock: 28.322 MHz
double scanning off
double clocking off
htotal: 900 px (100 cclk)
vtotal: 449 px
hdisp : 720 px (80 cclk)
vdisp : 400 px
split : 1023 ln
start : 0x0
char height 16
text mode 80x25
cbLine:   0x280
offStart: 0x0 (line 0x0)
display refresh interval: 20 ms
!!
!! {vgaar}
!!
VGA Attribute Controller (3C0): index reg 20, flip-flop: 0 (index)
 Palette: 00 01 02 03 04 05 14 07 38 39 3A 3B 3C 3D 3E 3F
 AR10:0C AR11:00 AR12:0F AR13:08 AR14:00
!!
!! {vgacr}
!!
VGA CRTC (3D5): CRTC index 3D4:0B
 CR00:5F CR01:4F CR02:50 CR03:82 CR04:55 CR05:81 CR06:BF CR07:1F CR08:00 CR09:4F
 CR0A:20 CR0B:00 CR0C:00 CR0D:00 CR0E:00 CR0F:00 CR10:9C CR11:8E CR12:8F CR13:28
 CR14:1F CR15:96 CR16:B9 CR17:A3 CR18:FF
!!
!! {vgadac}
!!
VGA DAC contents:
 00: 00 00 00
 01: 00 00 2A
 02: 00 2A 00
 03: 00 2A 2A
 04: 2A 00 00
 05: 2A 00 2A
 06: 2A 2A 00
 07: 2A 2A 2A
 08: 00 00 15
 09: 00 00 3F
 0A: 00 2A 15
 0B: 00 2A 3F
 0C: 2A 00 15
 0D: 2A 00 3F
 0E: 2A 2A 15
 0F: 2A 2A 3F
 10: 00 15 00
 11: 00 15 2A
 12: 00 3F 00
 13: 00 3F 2A
 14: 2A 15 00
 15: 2A 15 2A
 16: 2A 3F 00
 17: 2A 3F 2A
 18: 00 15 15
 19: 00 15 3F
 1A: 00 3F 15
 1B: 00 3F 3F
 1C: 2A 15 15
 1D: 2A 15 3F
 1E: 2A 3F 15
 1F: 2A 3F 3F
 20: 15 00 00
 21: 15 00 2A
 22: 15 2A 00
 23: 15 2A 2A
 24: 3F 00 00
 25: 3F 00 2A
 26: 3F 2A 00
 27: 3F 2A 2A
 28: 15 00 15
 29: 15 00 3F
 2A: 15 2A 15
 2B: 15 2A 3F
 2C: 3F 00 15
 2D: 3F 00 3F
 2E: 3F 2A 15
 2F: 3F 2A 3F
 30: 15 15 00
 31: 15 15 2A
 32: 15 3F 00
 33: 15 3F 2A
 34: 3F 15 00
 35: 3F 15 2A
 36: 3F 3F 00
 37: 3F 3F 2A
 38: 15 15 15
 39: 15 15 3F
 3A: 15 3F 15
 3B: 15 3F 3F
 3C: 3F 15 15
 3D: 3F 15 3F
 3E: 3F 3F 15
 3F: 3F 3F 3F
 40: 00 00 00
 41: 00 00 00
 42: 00 00 00
 43: 00 00 00
 44: 00 00 00
 45: 00 00 00
 46: 00 00 00
 47: 00 00 00
 48: 00 00 00
 49: 00 00 00
 4A: 00 00 00
 4B: 00 00 00
 4C: 00 00 00
 4D: 00 00 00
 4E: 00 00 00
 4F: 00 00 00
 50: 00 00 00
 51: 00 00 00
 52: 00 00 00
 53: 00 00 00
 54: 00 00 00
 55: 00 00 00
 56: 00 00 00
 57: 00 00 00
 58: 00 00 00
 59: 00 00 00
 5A: 00 00 00
 5B: 00 00 00
 5C: 00 00 00
 5D: 00 00 00
 5E: 00 00 00
 5F: 00 00 00
 60: 00 00 00
 61: 00 00 00
 62: 00 00 00
 63: 00 00 00
 64: 00 00 00
 65: 00 00 00
 66: 00 00 00
 67: 00 00 00
 68: 00 00 00
 69: 00 00 00
 6A: 00 00 00
 6B: 00 00 00
 6C: 00 00 00
 6D: 00 00 00
 6E: 00 00 00
 6F: 00 00 00
 70: 00 00 00
 71: 00 00 00
 72: 00 00 00
 73: 00 00 00
 74: 00 00 00
 75: 00 00 00
 76: 00 00 00
 77: 00 00 00
 78: 00 00 00
 79: 00 00 00
 7A: 00 00 00
 7B: 00 00 00
 7C: 00 00 00
 7D: 00 00 00
 7E: 00 00 00
 7F: 00 00 00
 80: 00 00 00
 81: 00 00 00
 82: 00 00 00
 83: 00 00 00
 84: 00 00 00
 85: 00 00 00
 86: 00 00 00
 87: 00 00 00
 88: 00 00 00
 89: 00 00 00
 8A: 00 00 00
 8B: 00 00 00
 8C: 00 00 00
 8D: 00 00 00
 8E: 00 00 00
 8F: 00 00 00
 90: 00 00 00
 91: 00 00 00
 92: 00 00 00
 93: 00 00 00
 94: 00 00 00
 95: 00 00 00
 96: 00 00 00
 97: 00 00 00
 98: 00 00 00
 99: 00 00 00
 9A: 00 00 00
 9B: 00 00 00
 9C: 00 00 00
 9D: 00 00 00
 9E: 00 00 00
 9F: 00 00 00
 A0: 00 00 00
 A1: 00 00 00
 A2: 00 00 00
 A3: 00 00 00
 A4: 00 00 00
 A5: 00 00 00
 A6: 00 00 00
 A7: 00 00 00
 A8: 00 00 00
 A9: 00 00 00
 AA: 00 00 00
 AB: 00 00 00
 AC: 00 00 00
 AD: 00 00 00
 AE: 00 00 00
 AF: 00 00 00
 B0: 00 00 00
 B1: 00 00 00
 B2: 00 00 00
 B3: 00 00 00
 B4: 00 00 00
 B5: 00 00 00
 B6: 00 00 00
 B7: 00 00 00
 B8: 00 00 00
 B9: 00 00 00
 BA: 00 00 00
 BB: 00 00 00
 BC: 00 00 00
 BD: 00 00 00
 BE: 00 00 00
 BF: 00 00 00
 C0: 00 00 00
 C1: 00 00 00
 C2: 00 00 00
 C3: 00 00 00
 C4: 00 00 00
 C5: 00 00 00
 C6: 00 00 00
 C7: 00 00 00
 C8: 00 00 00
 C9: 00 00 00
 CA: 00 00 00
 CB: 00 00 00
 CC: 00 00 00
 CD: 00 00 00
 CE: 00 00 00
 CF: 00 00 00
 D0: 00 00 00
 D1: 00 00 00
 D2: 00 00 00
 D3: 00 00 00
 D4: 00 00 00
 D5: 00 00 00
 D6: 00 00 00
 D7: 00 00 00
 D8: 00 00 00
 D9: 00 00 00
 DA: 00 00 00
 DB: 00 00 00
 DC: 00 00 00
 DD: 00 00 00
 DE: 00 00 00
 DF: 00 00 00
 E0: 00 00 00
 E1: 00 00 00
 E2: 00 00 00
 E3: 00 00 00
 E4: 00 00 00
 E5: 00 00 00
 E6: 00 00 00
 E7: 00 00 00
 E8: 00 00 00
 E9: 00 00 00
 EA: 00 00 00
 EB: 00 00 00
 EC: 00 00 00
 ED: 00 00 00
 EE: 00 00 00
 EF: 00 00 00
 F0: 00 00 00
 F1: 00 00 00
 F2: 00 00 00
 F3: 00 00 00
 F4: 00 00 00
 F5: 00 00 00
 F6: 00 00 00
 F7: 00 00 00
 F8: 00 00 00
 F9: 00 00 00
 FA: 00 00 00
 FB: 00 00 00
 FC: 00 00 00
 FD: 00 00 00
 FE: 00 00 00
 FF: 00 00 00
!!
!! {vgagr}
!!
VGA Graphics Controller (3CF): GR index 3CE:05
 GR00:00 GR01:00 GR02:00 GR03:00 GR04:00 GR05:10 GR06:0E GR07:0F GR08:FF
!!
!! {vgapl}
!!
read mode     : 0     write mode: 0
set/reset data: 00    S/R enable: 00
color compare : 00    read map  : 0
rotate        : 0     function  : 0
don't care    : 0F    bit mask  : FF
seq plane mask: 03    chain-4   : off
!!
!! {vgasr}
!!
VGA Sequencer (3C5): SR index 3C4:03
 SR00:03 SR01:00 SR02:03 SR03:00 SR04:02 SR05:00 SR06:00 SR07:00
!!
!! {vgatext}
!!
------------------------------------ 80x25 -------------------------------------
Broadcasting                                                                    
 EtherFrameProvider::Send start                                                 
 EtherFrameProvider::Send malloced                                              
 EtherFrameProvider::Send assinged header data                                  
 EtherFrameProvider::Send copied buffer data                                    
                                                                                
Sending: FF FF FF FF FF FF 08 00 27 AE 75 A9 08 06 00 01 08 00 06 04 00 01 08 00
 27 AE 75 A9 0A 00 02 0F FF FF FF FF FF FF 0A 00 02 02                          
AMD am79c973 DATA RECEIVED                                                      
08 00 27 AE 75 A9 52 54 00 12 35 02 08 06 00 01 08 00 06 04 00 02 52 54 00 12 35
 02 0A 00 02 02 08 00 27 AE 75 A9 0A 00 02 0F 00 00 00 00 00 00 00 00 00 00 00 0
0 00 00 00 00 00 00 72 08 7D 8F AMD am79c973 DATA SENT                          
 EtherFrameProvider::Send finished backend send                                 
 EtherFrameProvider::Send dealocated buffer, end                                
                                                                                
                                                                                
                                                                                
                                                                                
                                                                                
                                                                                
                                                                                
                                                                                
                                                                                
                                                                                
                                                                                
--------------------------------------------------------------------------------
!!!!!!!!!!!!!!!!!!!!!!!!!!!!!!!!!!!!!!!!!!!!!!!!!!!!!!!!!!!!!!!!!!!!!!
